# Logfile created on 2019-10-23 16:28:56 +0900 by logger.rb/61378
I, [2019-10-23T16:28:56.968133 #884]  INFO -- :  24| 25| 26| 27| 28| 29| 30| 31| 33| 34| 35| 36| 37| 38| 39| 40| 41| 42| 43| 44| 45| 46| 47| 48| 49| 50| 51| 52| 53| 54| 55| 56| 57| 58| 59| 60|
I, [2019-10-23T16:28:56.968939 #884]  INFO -- : ------------------------------------------------------------------------------------------------------------------------------------------------
I, [2019-10-23T16:28:57.877358 #884]  INFO -- :  44| 38| 38| 40| 34| 42| 44| 34|202| 58| 72| 41| 39| 46| 40| 96| 48| 42| 45| 43| 52| 45| 39|  4| 35| 52| 35| 46| 37| 53| 47| 57| 55| 56| 59| 64|
I, [2019-10-23T16:28:58.796260 #884]  INFO -- :  48| 46| 56| 40| 45| 39| 44| 43|195| 59| 62| 81| 37| 44| 48| 29| 96| 33| 47| 51| 64| 58| 54| 56| 11|  6|  8|  6|   |  1| 15| 29| 31|  1| 36|   |
I, [2019-10-23T16:28:59.724045 #884]  INFO -- :  22| 10| 37| 22| 25| 22| 29| 19|111|224| 66| 87| 49| 50| 50| 44| 27| 39| 17|  7| 13| 10| 12| 16| 28| 21| 34| 22| 26| 19| 29| 13| 27| 30| 39| 24|
I, [2019-10-23T16:29:00.583969 #884]  INFO -- :  32| 30| 27| 24| 33| 31| 23| 20| 34| 97|215| 65| 85| 46| 38| 48| 35| 93| 52| 42| 44| 46| 25| 35| 37| 39| 39| 43| 42| 31| 44| 34| 48| 37| 45| 39|
I, [2019-10-23T16:29:01.454353 #884]  INFO -- :  33| 24| 41| 29| 33| 22| 23| 27| 21| 38| 97|217| 64| 89| 48| 53| 46| 24| 24| 17| 33| 30|   | 14| 60| 15| 17| 15| 16| 27| 23| 26| 25| 13| 23| 27|
I, [2019-10-23T16:29:02.363689 #884]  INFO -- :    | 21|   | 20| 23| 17| 24| 14| 18| 17| 14|132|243| 68| 87| 37| 52| 36|  9| 60| 12| 11| 14|  8|  7|  1|  2| 18|  4| 61|  6| 26|  3|   |  6| 17|
I, [2019-10-23T16:29:03.211268 #884]  INFO -- :  10| 16| 11| 10|  6| 12| 13|  9|   |   |   |  9|139|252| 68| 80| 31| 54| 32|   | 59|  5|  1|   |   |   | 10|   |  9|   |   |   |  2|  7|  4|   |
I, [2019-10-23T16:29:04.072904 #884]  INFO -- :   1|   |  2|  3|  3| 13|   |   |   |  4|  4|  2|  5|138|247| 69| 87| 43| 53| 38| 22| 58| 24|  6|  7| 15| 37| 23| 24| 32| 32| 39| 32| 47| 22| 42|
I, [2019-10-23T16:29:04.907959 #884]  INFO -- :  30| 32| 33| 45| 30| 35| 43| 18|   | 29| 22| 41| 19| 40| 95|213| 65| 81| 44| 47| 50| 55| 69| 33| 44| 24| 33| 44| 30| 52| 27| 35| 55| 52| 28| 50|
I, [2019-10-23T16:29:05.764577 #884]  INFO -- :  21| 26| 25| 43| 24| 45| 24| 46| 27| 30| 16| 27| 43| 35| 30| 91|205| 61| 75| 37| 58| 52| 46| 56| 46| 41| 31| 50| 35| 51| 29| 55| 43| 30| 57| 27|
I, [2019-10-23T16:29:06.625575 #884]  INFO -- :  37| 43| 52| 37| 52| 34| 25| 28| 39| 45| 26| 20| 31| 37| 26| 93|208| 62| 80| 37| 69| 53| 49| 46| 42| 47| 32| 29| 44| 29| 44| 39| 50| 44| 35| 49|
I, [2019-10-23T16:29:07.459165 #884]  INFO -- :  33| 45| 35| 51| 34| 36| 22| 27| 42| 32| 38| 28| 25| 49| 26| 32| 94|211| 64| 81| 45| 54| 44| 32| 45| 34| 38| 41| 26|  8| 31| 29| 24| 26| 36| 51|
I, [2019-10-23T16:29:08.294356 #884]  INFO -- :  33| 50| 38| 50| 26| 40| 25| 32| 33| 39| 39| 50| 30| 44| 15| 38| 16| 89|201| 58| 73| 55| 32| 43| 15| 49| 52| 39| 22|  1|  3|  2| 17|  2|  7| 14|
I, [2019-10-23T16:29:09.152428 #884]  INFO -- :   1|   |  1| 14|  3|  3|   |   |   |   |   |   |   |   |  1|   |  6| 16|149|255| 68| 60| 13| 56| 33|   | 51|   | 16|  5| 20| 58| 33| 35| 30| 15|
I, [2019-10-23T16:29:09.982693 #884]  INFO -- :  30| 12| 14| 39| 22| 37| 55| 32| 41| 36| 17| 34| 29| 12| 23|  4| 16|   | 15|126|241| 68| 88| 40| 51| 40|  3| 63|  3|  8| 11| 17| 13| 16| 26|  7|
I, [2019-10-23T16:29:10.813594 #884]  INFO -- :  32| 12| 33| 30| 37| 39| 39| 42| 32| 36| 15| 19| 22|  5| 42| 27| 16| 23| 19| 16|115|185| 63| 90| 37| 55| 40| 25| 30| 37| 26| 36| 18| 31| 45| 23|
I, [2019-10-23T16:29:11.672413 #884]  INFO -- :  34| 30| 34| 18| 21|  5| 19| 20|  5| 13|  2| 14|   |  7| 11|  6| 12|  3| 16| 14|133|247|250| 69| 79| 28| 55| 34|   | 58| 16|  4|  9| 20|  9| 21|
I, [2019-10-23T16:29:12.509990 #884]  INFO -- :   5|  5| 10| 22|  8| 12|  3| 11| 24|  7| 16|  7|  5| 17|   |  6|  8|  1| 11|  3| 15|146|255| 69| 74| 25| 53| 32|  8| 60| 54| 23| 16|  2|  6| 17|
I, [2019-10-23T16:29:13.344767 #884]  INFO -- :   5|   | 15| 28| 24| 26|  5| 33|  4| 17| 25|  9| 19| 29| 14| 28| 20| 12|   |  7| 16| 21|130|243| 68| 81| 33| 54| 37| 19| 55| 18|  8|  1|  9| 14|
I, [2019-10-23T16:29:14.219632 #884]  INFO -- :  12| 50| 13|  2| 21|  6| 18|  4|  6| 14|  7|  1| 21| 17|  1| 19|  1|  6|  4|   | 11|  7|  9|143|253| 68| 71| 27| 54| 32|  4| 52|  6| 11|   | 13|
I, [2019-10-23T16:29:15.060787 #884]  INFO -- :  18| 15|  7| 17|  8| 11|  6|  7| 15|  6| 14|  8|  1|  8| 26| 11| 11|  3| 15|   |  8|  1|  2| 16|139|250| 70| 72| 26| 55| 32| 17| 53|   |  7| 15|
I, [2019-10-23T16:29:15.914688 #884]  INFO -- :  15| 26| 12| 13|  6| 20|  3|   | 11| 11|  3| 11|   |  3| 51|   | 16| 16|  3| 12|  8| 10|  9|  4| 13|139|250| 68| 71| 28| 57| 32|   | 52|   |  3|
I, [2019-10-23T16:29:16.751543 #884]  INFO -- :  22|  7|   | 14| 24| 10| 18|  1|  6|  2|  1|  5| 20| 13| 14|   | 18|   |  3| 13| 15| 58| 16|   |  3|  5|140|250| 68| 71| 24| 56| 32| 13| 51|  3|
I, [2019-10-23T16:29:17.628154 #884]  INFO -- :  15| 13| 15| 13| 21|  9| 18|  5| 14|  8| 11| 18| 14| 10| 18| 10| 15|  1| 23|  2| 11|  4|  5|  1|  3| 11|142|253| 46| 70| 68| 24| 55| 33|  3| 49|
I, [2019-10-23T16:29:18.541967 #884]  INFO -- :  18|  6|  2| 15|  5| 11|  3| 13| 13|  9|  4| 11|  1| 16|   |  5|   |  4|   |  6| 15|  7| 12|  3|  9|  5| 13|146|255| 68| 66| 27| 51| 55| 33|  8|
I, [2019-10-23T16:29:19.448274 #884]  INFO -- :  11| 17| 18| 10|   | 11|   |  3|   |  6| 15|   |  6|   |   |   |  3|  1|   |   |  1|  1|  4|   |   |  2|  1| 12|139|250| 69| 72| 23| 56| 32|   |
I, [2019-10-23T16:29:20.352348 #884]  INFO -- :    |  3| 14| 16|   | 16|  3|  9|   | 14|   |  9|   |   |   |  1|   |   |  1|   |  2|  1|   |   |  1|  2|   |  4| 13|147|255| 69| 66| 19| 55| 31|
I, [2019-10-23T16:29:21.256705 #884]  INFO -- :   2|   |  8|   |   | 38|   |  2|   |  3|   |   |   |   |  2|   |   |  2|   |  7|  6|  4|  3|   |   |   |   |   |   |  7|143|253| 70| 72| 28| 54|
I, [2019-10-23T16:29:22.161944 #884]  INFO -- :   1|   |  5|  2|   |   |  2|   |   |   |   |   |   |   |   |  3|   |   |   |   |  1|   |   |   |  4|   |   |   |  1|  2| 13|144|254| 69| 68| 22|
I, [2019-10-23T16:29:23.068850 #884]  INFO -- :   3|   |   |   |   |   |   |   |   |   |   |  3|   |  1|   |  2|   |  1|   |  1|  3|  4|   |   |   |   |   |   |   |   |   |  9|143|253| 69| 70|
I, [2019-10-23T16:29:23.965698 #884]  INFO -- :    |   | 20|   |  5|   |   |  1|   |  4|   |   |   |  5|   |  3|  4|  5|   |  1|  1|  6|   |   |   |   |   |   |   |   |   |   |  7|141|253| 68|
I, [2019-10-23T16:29:24.873878 #884]  INFO -- :   2|  1|  1|   |   |   |   |   |   |   |  2|   |  1|  1|  1|  1|  1|   |  1|   |  1|   |   | 33|   |   |   |  2|   |   |   |   |   |  8|141|253|
I, [2019-10-23T16:29:25.787758 #884]  INFO -- :   5|   |   |  3|   |  1|   |   |   |  1|  1|  1|   |  5|   |   |   |   |   |   |  4|  2|  3|   |   |   |   | 24|   |   |   |  1|  1|  5|  1|  1|
I, [2019-10-23T16:29:26.693253 #884]  INFO -- : 247| 70| 78| 30| 56| 33|   | 48|   |   |  5|   |   |   |   |   |   |   |   |   |  6|  8|   |  1|   |   |   |  2|  3|   |  1| 22|  1|   |   |  1|
I, [2019-10-23T16:29:27.598847 #884]  INFO -- : 133|246| 69| 79| 28| 54| 32|   |   |   |   |   |   |   |   |   |   |   |   |   |  7|  3|   |   |   |   |  1|  2|  4| 13|  4| 16|  1| 10| 13|  6|
I, [2019-10-23T16:29:28.505454 #884]  INFO -- :  42|128|240| 69| 78| 30| 54| 31| 35|   |   |  9|  2|  6|  6| 11|  3| 17|  4| 15| 17| 17|  5|  7|  2| 17|  1| 14|  6| 14|  4| 17| 11| 15|  8| 14|
I, [2019-10-23T16:29:29.411540 #884]  INFO -- :  10|126|237| 68| 41| 78| 30| 54| 10| 31|  6|  1|   |  1|  2|  1|  7|  2|  8|   | 10|  5|  5|   | 10|  3|  8|  3|  9|  3| 10|  5| 17|  4| 11|  3|
I, [2019-10-23T16:29:30.317472 #884]  INFO -- :   8| 11|132|243| 70| 73| 28| 55|   |   | 26|   |   |   |  1|  4|   |  4|   |  5|  8|  3|   |   |  2|  4|   |  9|  2|  9|  3|   |  5|   |  9|  7|
I, [2019-10-23T16:29:31.227330 #884]  INFO -- :   6|  3| 12|133|243| 69| 73| 27| 32|  1| 30|   |   | 41|  7|  4|  8|  2|  2|   | 12|  9|  5|  2|  6|  1|  9|  1| 12|  2| 13|  7| 13|  7|  2|  4|
I, [2019-10-23T16:29:32.135618 #884]  INFO -- :  11|  1|   | 14|130|240| 68| 78| 56| 34|   | 27|   |  7|   |  6|  1| 41|   |  7| 13| 11|  3|   |   |   |   |   |  1|   |   | 14|  1| 10|   |  6|
I, [2019-10-23T16:29:33.048929 #884]  INFO -- :   1|  6|  9|  1| 12|133|246| 69| 27| 53| 35|  1| 32|  4|  4|  2|  9|   |   |   |  9|  8|  8|   |  8|   |  5|   |  7|  1|  7|  1| 11|  2|  5|  6|
I, [2019-10-23T16:29:33.963254 #884]  INFO -- :   3|  1|  8|  2|  5| 15|133|246| 76| 28| 55| 35|  6| 32|  5|   |  6|   |  7|   |  5|  4|   |  3|   |  5|   |  5|   |  3|   |   | 12|  3|  8|  3|
I, [2019-10-23T16:29:34.869786 #884]  INFO -- :   6|  2|  5|  1|   |  3|  2| 11|247| 71| 80| 30| 54| 33|   | 43|  2|   |   |   | 10|  5|  2|   |  5|   |  3|   |   |  3|  1|  1|  1|  2|  1|  9|
I, [2019-10-23T16:29:35.775840 #884]  INFO -- :   1|  7|  1|  7|  1|   |  5|   |136|249| 68| 79| 31| 53| 35|  2| 51|  3|   |  2|  1|  8|   |  1|   |   |  7|   |   |   |   |  2| 11|   | 38|  4|
I, [2019-10-23T16:29:36.683225 #884]  INFO -- :  13|  2|  6|  3|  5|   |  3|   | 14|135|247| 69| 82| 32| 32| 34|   | 55|   |  1| 15| 12|  1|  4|   |  8|   |  6|   |  6|   |  8|  1|  1| 11|  1|
I, [2019-10-23T16:29:37.589213 #884]  INFO -- :  14|   |   | 11|   |  6|  1|  3|  1| 17|135|247| 68| 84| 35| 53| 34|   | 59|  2| 10|  4|  5|  1|  5|  1|  7|  1|  5|   |  8|   |  2| 12|  1|   |
I, [2019-10-23T16:29:38.493204 #884]  INFO -- :   6| 12| 16|  3|  5|   |  2| 27|  9|  3| 15|130|240| 68| 91| 41| 48| 38|  4| 60| 15|  7| 11|  1| 10|  5| 13|  3| 11|  4| 12|  4|   |   |  6|  2|
I, [2019-10-23T16:29:39.400576 #884]  INFO -- :   9|   |  1|  3| 22|  3|  9|   |  3|   | 12| 42|130|240| 68| 91| 40| 53| 34|   | 66| 17|   |  8|   |  4|  2|  9|  2| 11|  2| 10|  5|   |  6|  2|
I, [2019-10-23T16:29:40.305833 #884]  INFO -- :  13|  2|  3| 14| 11|  5| 26|  4|  6|  3|  5|  9|130|243| 69| 90| 91| 38| 53| 36| 15| 68| 11|   | 12|   |  9|  1| 11|  1| 14|  2|  3| 13|  3|   |
I, [2019-10-23T16:29:41.223320 #884]  INFO -- :   4|  1|  3| 12|  1|  8|  2| 13|   |   |  3|  2| 12|133|243| 69| 89| 35| 53| 37| 51| 13| 69| 13|   |  2|   |   |   |  2|   |  6|  4| 13|  5| 15|
I, [2019-10-23T16:29:42.128943 #884]  INFO -- :   7| 13| 42|  5|   |  1|   |  1|   |  9|  6|   |  5| 15|133|247| 69| 87| 39| 52| 35|  6| 68|  2| 39|  2|  2|  5|  9|  2|  7|  1| 11|  4| 15|  5|
I, [2019-10-23T16:29:42.130007 #884]  INFO -- :  24| 25| 26| 27| 28| 29| 30| 31| 33| 34| 35| 36| 37| 38| 39| 40| 41| 42| 43| 44| 45| 46| 47| 48| 49| 50| 51| 52| 53| 54| 55| 56| 57| 58| 59| 60|
I, [2019-10-23T16:29:42.130486 #884]  INFO -- : ------------------------------------------------------------------------------------------------------------------------------------------------
I, [2019-10-23T16:29:43.037786 #884]  INFO -- :    |  3|  7|  9|   | 12|   |  9|   |  8|   | 19|   |  3| 13|133|244| 68| 88| 38| 54| 34|  1| 68|  2|  7|   |  8| 41|  5|   |  5|  2|   |  4|  9|
I, [2019-10-23T16:29:43.946388 #884]  INFO -- :   7|  7| 12| 11| 15|  1| 14|  1|  7|  4|  1| 11|  2| 14|  9| 16|133|243| 69| 88| 37| 51| 33|  2| 67|  3| 11|  3| 15|  4|  7|  2|  9| 41| 12|  1|
I, [2019-10-23T16:29:44.869297 #884]  INFO -- :  14| 12| 16|  6|  1| 15|   | 14|  1| 11|   |  3|  2|  4|  7| 13|  9|130|243| 68| 89| 41| 55| 34|  1| 68|  6|   |   |   |  1|   |  1| 10| 10|  2|
I, [2019-10-23T16:29:45.791577 #884]  INFO -- :   4| 27|  5| 25|  6| 12|  2| 12|  1| 10|  1| 11|  5|   | 10|  2|   | 22|133|247| 69| 86| 37| 55| 34|  3| 65|   | 13|   |  8|  1|  7| 13|  7|   |
I, [2019-10-23T16:29:46.712443 #884]  INFO -- :   6|   |  9| 23| 11|   | 10|  1|   |  2| 10| 16|  1| 12|   |  7|   |  4|  7|133|244| 68| 86| 37| 55| 60|  9| 64|  6|  3|  7|  4|   |   | 14|  8|
I, [2019-10-23T16:29:47.632073 #884]  INFO -- :  18|  5|  5| 13|  1| 21|  2| 15|  4|  9|  3|  6|  4| 11|  2|  9|   |  4|  5| 10|134|246| 69| 84| 38| 49| 34|  9| 62| 13|   |  5|  3|  2| 10|  2|
I, [2019-10-23T16:29:48.558114 #884]  INFO -- :  16| 15|  4|  7| 19|  7| 17| 14|  8|  5| 11|  2|   |  3| 38|  4| 13|  3|  7|  4| 18|133|243| 68| 85| 37| 54| 33| 15| 59| 14|  8|  3|  1| 17| 10|
I, [2019-10-23T16:29:49.478060 #884]  INFO -- :  24| 14| 10|   | 10|   | 10|   | 17|   |  8| 20|  3| 17|  2| 18|  2| 11|   |  6| 12| 20|129|241| 69| 84| 34| 54| 34| 13| 60| 17|  8| 13|  5|  3|
I, [2019-10-23T16:29:50.394437 #884]  INFO -- :  12|   | 16| 13| 19|  3| 17|  3| 19|  8| 24|  6| 20| 11|  3|  3|  4|   |  1|  9| 10| 24|126| 49|237| 69| 86| 40| 56| 35| 16| 46| 22|  4| 19| 10|
I, [2019-10-23T16:29:51.279838 #884]  INFO -- :  26| 18| 30| 16| 10| 18| 10| 20|  9| 17| 21| 16| 26| 17| 20|  8| 22|  8| 21|  5| 19| 18| 19|126|237| 69| 84| 38| 33| 55| 37|  7| 50| 15| 12|   |
I, [2019-10-23T16:29:52.123956 #884]  INFO -- :  11| 25|  8|  3| 20|   |  9| 20| 11| 11| 20|  1|  4|  2| 18| 19| 14|  5| 19|  1| 16| 11|  7| 21|123|237| 68| 84| 37| 54| 37| 17| 51|  6| 19| 16|
I, [2019-10-23T16:29:52.965304 #884]  INFO -- :  17|  6| 14| 21| 18| 19| 11|   |  9| 11| 15|  9| 22| 19| 11| 19| 20|  7| 18|  5| 20| 20|  5| 15| 11|124|237| 68| 83| 35| 53| 39|  3| 40| 19|  3|
I, [2019-10-23T16:29:53.803641 #884]  INFO -- :  12| 26| 17| 25| 22| 30| 18| 41| 23| 12| 22|  4|  8|   | 11|  8| 27|  7| 27|  5| 19| 14|  6| 18| 17| 17|123|234| 68| 81| 31| 55| 33| 22| 38|  7|
I, [2019-10-23T16:29:54.715663 #884]  INFO -- :  22| 21| 17| 17|  9| 26| 11| 20| 10| 23|  8| 14| 16| 14| 41|  8| 18|  5| 21| 14| 33| 14|   |  9|  8|  5| 16|124|234| 69| 80| 32| 55| 34|   | 35|
I, [2019-10-23T16:29:55.621091 #884]  INFO -- :  22| 16| 15| 27| 13|   | 11|  5| 18|   | 15| 27|  8| 24| 11| 14|  3| 12|  7| 13| 27| 22| 27| 10| 18|  7| 18| 17|121|234| 68| 80| 34| 54| 37| 10|
I, [2019-10-23T16:29:56.527802 #884]  INFO -- :  21|  9| 12| 24|  2|   |  6|  1| 10|   | 14| 18| 11| 22|  5| 15|  3| 20|  6| 24| 15| 11| 24| 13| 18|  3|  4|  2| 18|121|232| 68| 79| 32| 56| 36|
I, [2019-10-23T16:29:57.436048 #884]  INFO -- :  10| 18| 18| 25| 12| 23| 14| 18| 11| 24| 10| 29|  5|  4| 11|   |  7|  7|  9| 20| 22| 19| 14| 12| 33|  5| 17|  9| 18| 18|118|230| 68| 79| 36| 56|
I, [2019-10-23T16:29:58.341514 #884]  INFO -- :  23|  4| 31|  6| 30| 13| 26|  8| 18| 10|  7| 15| 15| 19| 22| 22| 13| 27| 18| 14| 33| 25| 20|  5| 26| 13| 25|  5| 25| 19|119|230| 54| 68| 81| 40|
I, [2019-10-23T16:29:59.247540 #884]  INFO -- :  23| 23| 32| 20|  7| 12|  2| 12|   |  9| 21| 13| 25| 25|   | 16| 23| 32|  3| 11| 22| 26| 17| 17| 23|  8| 21| 15| 20| 11| 21|120|230| 68| 79| 35|
I, [2019-10-23T16:30:00.151607 #884]  INFO -- :  27| 23| 27| 18| 25| 20| 25| 20| 22| 37| 23| 29| 15|   | 16| 27| 16| 29| 15| 28| 25| 31|  4| 20|  6| 18| 15| 18|  6| 17| 12| 24|119|228| 69| 80|
I, [2019-10-23T16:30:01.058636 #884]  INFO -- :  31| 13| 23| 30| 16| 36| 14|   | 26| 31| 22| 28| 19| 33| 15| 37| 19| 27| 20|  5| 34| 30| 22| 24| 12| 30| 16| 28| 15| 22| 14| 31| 26|108|221| 65|
I, [2019-10-23T16:30:01.968165 #884]  INFO -- :  32| 23| 18| 31| 34| 19|   | 15|   | 18| 38| 23| 38| 33| 16| 10| 21|  7| 21| 30| 30| 37| 15| 29| 18| 31| 15| 31| 17| 29| 18| 32| 11| 25|113|226|
I, [2019-10-23T16:30:02.881062 #884]  INFO -- :  26| 17| 30| 16| 19| 16| 22|  9| 23| 11| 19| 13| 22| 24| 13|  3|   |   |   |  3| 14| 11| 12|  2| 13|  3| 12|  3| 11|   | 18|  9|   |  5|   |  7|
I, [2019-10-23T16:30:03.789228 #884]  INFO -- : 240| 69| 83| 32| 55| 31| 13| 40|  6|   |   |  5|  3|  4|  1|  9|  7| 15|  5| 15| 19| 14|  7|   |  4| 11|  3| 15|  1| 18|  9| 21| 12| 28| 11|   |
I, [2019-10-23T16:30:04.692523 #884]  INFO -- : 122|234| 69| 83| 34| 54| 32|  1|  6|   | 10|   |  5|  5|  2|   |  1|   |   |  4|  7|  5|   | 40|   |  7|  1|   |  7|   |  3|   |  3|   |   |  5|
I, [2019-10-23T16:30:05.596933 #884]  INFO -- :   4|143|255| 69| 66| 20| 56| 32| 43|   |   |   |   |   |  1|   |  1|   |  1|   |  1|  4|   |   |   |  2|  5|   |  5|   |  3|   |   |   |  6|   |
I, [2019-10-23T16:30:06.500046 #884]  INFO -- :    | 10|140|253| 68| 66| 24| 56|  1| 42|  1|   |   |  1|   |   |   |   |   |   |  6|  4|   |   |   |  2|   |  6|   | 10|   |   | 51|   |  4|   |
I, [2019-10-23T16:30:07.402333 #884]  INFO -- :   3|  2| 13|139|250| 70| 70| 24| 33|   | 35|   |  1|  6|  8|   |   |  6|  1|   |  6|  9|   |  5|  1|  5|   |  8|   | 10|   |  8| 10|  5| 13|  4|
I, [2019-10-23T16:30:08.303363 #884]  INFO -- :   5| 31|  6| 15|133|245| 69| 72| 55| 33|   | 34|   |  5|   |   |  2|   |  1|  8|  7| 14|   |  9|  1|  5|  2|  4|   | 16|  2| 17| 17|  1| 16|  6|
I, [2019-10-23T16:30:09.206634 #884]  INFO -- :   7|  2| 11| 14|130|119|243| 69| 28| 54| 32|  1| 30|  2|   |  2|  1|  7|  1|  6|  6|  1|   |   |   |   |   |  2|  1|  2|   |  6|   |  1| 11|  1|
I, [2019-10-23T16:30:10.109073 #884]  INFO -- :   2|  1|  1|  3| 15|136|247| 68| 29| 55| 53| 32|   | 38|   |  1|  1|  1|   |  2|  3|  8|   |   |   |  2|   |   |   |   |  1|   |   |   |  5|  1|
I, [2019-10-23T16:30:11.020285 #884]  INFO -- :   6|  2|   |   |   | 14|137|250| 72| 24| 54| 33|  3| 36| 44| 45|  1|   |   |   |  3|  3|   |  3|   |  1|   |  2|   |  1|   |  7|  1|  4|   |  1|
I, [2019-10-23T16:30:11.929549 #884]  INFO -- :   6|  2|  2|   |  1|   |  2|  8|250| 70| 76| 27| 54| 33|   | 44|  5|   |  2| 40|  9|  4|  1|   |   |   |  1|   |  2|   |  1|   |  2|   |  5|  4|
I, [2019-10-23T16:30:12.833824 #884]  INFO -- :   2| 11|  5|  5|  2|  5|   |  6|133|243| 70| 85| 36| 52| 37|   | 47|   |  1|  7|  9| 14|  2| 13|  2| 13|   |   |   |  9|  6|  8|  3|   |  1|  9|
I, [2019-10-23T16:30:13.734871 #884]  INFO -- :  16|  7|  5|  7| 12|  4| 13|  3| 19|116|226| 66| 88| 47| 47| 45| 14| 72| 12| 22| 20| 12|  6| 23| 18| 26| 16| 24| 54|  3| 20|   |  7| 18|  2|  7|
I, [2019-10-23T16:30:14.639906 #884]  INFO -- :   4|   | 13|  4|  7|  3| 13|  5| 18| 19| 97|211| 64| 79| 36| 40| 43| 34| 90| 28| 31| 27| 11|  6| 27| 14|   |  9|   |  4|   |  8| 87|  7| 11| 21|
I, [2019-10-23T16:30:15.541838 #884]  INFO -- :  12| 13| 23| 18| 29|  7| 17|  3|  9|  4|  6|123|237| 70| 91| 41| 49| 38| 10| 62| 13| 11|  6|   |  5|  1| 10|  1| 10|  4| 11|  1| 14|  2|  3|  2|
I, [2019-10-23T16:30:16.445347 #884]  INFO -- :   7| 26|  7| 11|  6|  4| 21|  3|  8|   | 10| 14|130|243| 69| 91| 41| 53| 35|  6| 66| 16|  3| 12|   |   |   |   |  1|  2|  1| 16| 20|  4| 11|  5|
I, [2019-10-23T16:30:17.349320 #884]  INFO -- :   6|  1| 17|  3|  3|  9|  1|  7|   |  2|  1|  8|  9|132|243| 69| 89| 39| 52| 35|  6| 68|   |   |   |  4|  4|   |  1|   |  2|   |  4|  1| 11|  4|
I, [2019-10-23T16:30:18.252463 #884]  INFO -- :  13|  2|  8| 14|  3|   |  4| 14|  7|  1|  8|  2| 10|  9|132|243| 69| 90| 38| 51| 34| 13| 67| 11|  3|  9|  1| 11|  1|  6|   | 10|  1| 12|   |   |
I, [2019-10-23T16:30:19.155901 #884]  INFO -- :   3| 11|  3| 15|  9|  4| 11|  2|  6| 16| 10|   |   |  9|  4|133|247| 69| 88| 40| 52| 35|  7| 68|  8|   |   |  3|  3|   | 11|  3|  3|  1|  3| 10|
I, [2019-10-23T16:30:20.069144 #884]  INFO -- :   9|  1| 10| 18|  2|  7|  3|  7|  3| 11|  3| 10|  5|  5| 17|133|247| 68| 88| 25| 38| 54| 35|  2| 68|  1|   |   |   |  2|   |  3|   |  6| 16|  1|
I, [2019-10-23T16:30:20.972246 #884]  INFO -- :  14|  5|  4|  4|  5|  8|  5|  8|  3|  7|  1|   |   | 20|  5| 16|133|244| 69| 88| 36| 54| 35| 31|   | 67|   |  2|  3|   |  3|  7|  8| 12|  2| 11|
I, [2019-10-23T16:30:21.874260 #884]  INFO -- :  10| 23| 11| 19|  6|  1|  9|  2|  3|  9|  6| 12|  1| 10|  4| 12| 14|131|243| 68| 90| 41| 52| 37|  7| 68|  6|  9|  3|  1|  1|   |  4|   |  3| 12|
I, [2019-10-23T16:30:22.776678 #884]  INFO -- :  16|   | 16| 22| 17|  4| 18|  4|  8|  1| 13|   |  4|  8|   | 11|  3| 23|134|247| 68| 85| 37| 55| 34|  4| 66|  5|  9|  1|  8|   | 53|  9|  5| 11|
I, [2019-10-23T16:30:23.681695 #884]  INFO -- :   5| 18|  9|  5| 15| 14| 11|  3| 11|  4|  8|   |  2|   |  2|  9|  3|  5| 13|133|245| 69| 86| 36| 54| 34|  6| 64| 11|  3|  9|  6|   |  3| 12|   |
I, [2019-10-23T16:30:24.583252 #884]  INFO -- :  14| 30|  2|  9| 13|  5|  8| 17|  6|  3| 16|  1|   |  7|  7|  7|  3|  5|  3| 12|132|243| 69| 86| 35| 54| 34|  4| 63| 15|  2| 10| 10|  3|  6|  3|
I, [2019-10-23T16:30:25.435851 #884]  INFO -- :   4| 15| 24|  5|  3|  8| 35|  5| 12|  5|  7| 14|  5|  2|  8| 10|  1|  3|  2|  3| 22|133|246| 68| 83| 34| 54| 33|  2| 61|  3|   |  3|  5| 17|  1|
I, [2019-10-23T16:30:26.265936 #884]  INFO -- :   3|  4| 22|  6| 17|  3| 16|   | 16|   |  4|  1| 16| 37|  9| 13|  4| 11|  1|  3|  4| 15|133|247| 68| 82| 34| 55| 35|   | 58|   |  1|  6|  8|  2|
I, [2019-10-23T16:30:27.178298 #884]  INFO -- :  11|  9|  3| 22|  8|   |  1|   |  5|   |  8| 14|  2| 14|  3| 12|  3| 11|  1| 37|  6| 11|  8|133|243| 69| 82| 34| 53| 34|  1| 58|  9| 14|  5|   |
I, [2019-10-23T16:30:28.082843 #884]  INFO -- :   7|   | 12| 14| 14|  6| 17|  3| 15|  4| 16|  6| 22|   |  5|  5|  9|   |  2|  7|  7| 13| 16|130| 27|243| 69| 81| 33| 54| 34|  1| 55|  6|  3|  6|
I, [2019-10-23T16:30:28.084126 #884]  INFO -- :  24| 25| 26| 27| 28| 29| 30| 31| 33| 34| 35| 36| 37| 38| 39| 40| 41| 42| 43| 44| 45| 46| 47| 48| 49| 50| 51| 52| 53| 54| 55| 56| 57| 58| 59| 60|
I, [2019-10-23T16:30:28.084614 #884]  INFO -- : ------------------------------------------------------------------------------------------------------------------------------------------------
I, [2019-10-23T16:30:28.988818 #884]  INFO -- :  14| 11|  7| 14|  6| 10|  2|   |  3|  6| 12|  1| 10|  9| 18|  6| 15|  5| 15|  4|  3|  8|   | 10|135|247| 70| 78| 35| 30| 55| 34|   | 54|  8|  1|
I, [2019-10-23T16:30:29.893854 #884]  INFO -- :  19|  1| 10| 16|  8|   | 13|   |  2|   |  3| 12|  5| 13|  2| 12| 10| 11|  3| 10|  6| 16|  5|  5| 14|134|247| 69| 77| 30| 54| 33|  3| 11| 49| 13|
I, [2019-10-23T16:30:30.802731 #884]  INFO -- :   3| 10|  9| 13|  2|  1|  5|  7| 13|  1|   |  7|  1| 10|  7| 10|  5|  3| 20|  3|  2|  9|   |  3|   | 13|136|247| 69| 72| 29| 56| 31|  9| 52|  1|
I, [2019-10-23T16:30:31.707476 #884]  INFO -- :  14| 20| 14| 10|  7|  1|  1|  4|  3|  3| 14|  7|  1|  9|  3|  8|  8| 12|  1|  4| 17|   |  4|  3|   |  8| 10|135|247| 69| 73| 25| 56| 32|  9| 48|
I, [2019-10-23T16:30:32.612094 #884]  INFO -- :  18|  2|  6| 14|  5| 11|  4| 13|  6|  3|  9|  5|  8|  3| 17|  1|  9|  2|  8|   |  9|  9| 13| 12|  1|  9|   | 13|136|247| 69| 71| 24| 56| 31| 10|
I, [2019-10-23T16:30:33.518560 #884]  INFO -- :   6| 11|  7| 10|   |  5|   | 14|  4| 40|   |  9| 15| 12| 11|  7|  6|  1| 10|  4| 12|  5|   |  1|  4|  3|  1|  5|  9|136|249| 69| 69| 21| 55| 32|
I, [2019-10-23T16:30:34.435727 #884]  INFO -- :  17| 13| 13| 11|  4|  2|  1|  1|  1|  8|  3|  7| 12|  6| 27| 11|  2| 13|  5| 13|  7|  4|   |   |  1|  5|  9|   |  4|  7|136|247| 70| 68| 26| 57|
I, [2019-10-23T16:30:35.341147 #884]  INFO -- :   1|  9| 14|  8| 10|  2|  4|  3| 15|  7|   |  3| 12| 10| 11|  5| 12|  1| 48|  2| 13|  5| 15|  3|  5|   | 11|  1| 16|  5| 17|137|250| 68| 68| 26|
I, [2019-10-23T16:30:36.247143 #884]  INFO -- :    |   | 11| 15|  2|  7|  5|  5|  2|  7|  1| 11|  1|  8|  3| 12|  1|   |  2|  1|  7|  8| 10| 30|  9| 14|  5| 11|  1|  8|  9| 18|136|248| 69| 69|
I, [2019-10-23T16:30:37.154285 #884]  INFO -- :   3| 15|  9| 14|  1|   |   |  2| 11|  4|  1|  6|  3|  8|  6| 10|  4| 15|  8|  9|  6|  4|  6|  5| 14|  2| 11| 37| 10|  1|  3|  2| 22|136|247| 69|
I, [2019-10-23T16:30:38.058532 #884]  INFO -- :   7|  1|   |  7|  6|  2| 11|   |  4|  7| 12|  3|  1|  9|   |  3| 13|  4|   |  6|  5| 17|  1| 10|   | 15|  1| 10|   |  9|  2| 52| 11| 11|134|247|
I, [2019-10-23T16:30:38.964545 #884]  INFO -- :  17|  5| 18|  9|  5| 12|   |  2|  3| 13|  8| 13| 19| 15| 16| 12|  6|   |  4|  8| 10| 17|  1| 19|   | 18|  2| 16|  4| 11|  2|  7|  6| 19|134|247|
I, [2019-10-23T16:30:39.871441 #884]  INFO -- :  29| 67| 85| 38| 56| 34|  7| 37| 13|  3|   |  2|  2|   |  7|  3| 14|  5| 18|  9| 19| 23|  7|  7| 11|  5|  9|  7| 10|  2|   |   |  9|   |  2|  5|
I, [2019-10-23T16:30:40.777662 #884]  INFO -- : 247| 69| 79| 32| 43| 55| 33|  5|   |  8|  3|   |  2|   |  2|  8|  8|  4|  3| 12| 14| 18|  1| 13|  2| 13|  1| 14|  2| 13|  2| 17| 18|  3|   |  7|
I, [2019-10-23T16:30:41.693853 #884]  INFO -- : 126|237| 68| 83| 35| 55| 37|  3| 42|   |   |  5|  9|  7| 10|  3| 12|  3| 11|   | 21| 15|   |  3|  3|  7|  6| 14|  1|  2|  4|   |  9|  1| 20|  4|
I, [2019-10-23T16:30:42.599449 #884]  INFO -- :  21|126|237| 69| 79| 36| 54| 34| 34|  8|  2| 12|  1| 45|  4|  9|  3| 16|  1|  7| 16| 18| 14|  5| 15|  8|  8|  8| 12| 21|  9| 19| 10| 16|  3| 18|
I, [2019-10-23T16:30:43.503342 #884]  INFO -- :   9| 22|123|235| 69| 79| 33| 53|   | 33|  2|  8|  6| 17|  4|  1|  7| 17|  3|   | 16| 18|  2| 11|  1|   | 10|  3| 12|  1| 19|  6| 14| 16| 12| 17|
I, [2019-10-23T16:30:44.406936 #884]  INFO -- :   3|   | 17|123|235| 69| 79| 30| 33|  1| 43|   |  5|  4|  1| 14|  7| 14|  2|  7| 18| 18| 14|  1| 16|  6| 14|  4| 18|  8| 20|  7| 15|  1|  4| 17|
I, [2019-10-23T16:30:45.311415 #884]  INFO -- :   8|  7| 18| 15|126|237| 70| 79| 54| 34|   | 28|  7|  7|  7|  2|  9|  3| 11|   | 13| 18|  2|  9|  6| 11| 33| 14|  2| 12|  5| 14| 13|  7| 15|  2|
I, [2019-10-23T16:30:46.216992 #884]  INFO -- :   9|  3|  9|  6| 12|125|237| 71| 37| 53| 35|  2| 30|  7|  2|   |  2| 10|   |  7| 11| 24|  2|   |  6|   |  3|   |  5|   |   |   |  3| 12| 12| 13|
I, [2019-10-23T16:30:47.123305 #884]  INFO -- :   7|  3|  2|  2|  5| 16|126|237| 81| 39| 55| 37|   | 50|   | 10|   | 10|   |  2| 21| 19| 15|  5| 19|  5| 16|  7| 15|  8| 27| 14| 13| 19| 15| 56|
I, [2019-10-23T16:30:48.027962 #884]  INFO -- :   9| 12| 15|  4|   |  6|  4| 19|237| 70| 85| 38| 52| 37|  3| 15|  1|  5|   |   | 14| 13|  4|  2| 10|  1|  7|  5| 17|  3|  9|  3|   |  4|  5|  2|
I, [2019-10-23T16:30:48.937665 #884]  INFO -- :  10|  6| 13| 13|  6|  5|  7|  2|127|240| 69| 87| 38| 53| 37|   | 39|  5|  1|   |  9| 13|   |  7|   | 10|  3|  5|  4|  4|   | 10|  1|  5|  3| 15|
I, [2019-10-23T16:30:49.840846 #884]  INFO -- :   5|  5|   |  7|  4|  1|  6|  1| 16|133|247| 69| 84| 36| 53| 35|  7| 55|  6|  1|  5|  6|   |  2|   |  1| 10|  2|  8|  3|  4|  8|  2| 14|  3| 10|
I, [2019-10-23T16:30:50.737030 #884]  INFO -- :  24|  9|  6|  1|   |  7|  1|  9|  9|130|240| 69| 69| 91| 35| 51| 36|  3| 59|   | 12|  6|  7|  2|  9|   |  7|  2| 10| 16|  3| 18| 10|  2|  3| 15|
I, [2019-10-23T16:30:51.635096 #884]  INFO -- :   1| 14| 22|  7| 15|  1|  9|  3| 10| 16|126|237| 68| 91| 43| 52| 50| 37|  7| 61| 20| 11| 10|  1|  8|  4| 14|  5|  9|  9|  1|  5|  5|  4| 21|  8|
I, [2019-10-23T16:30:52.530270 #884]  INFO -- :   9|  9| 10|  9| 20|  9|  6|  1|  3|  8| 14|127|239| 68| 87| 39| 54| 34|  3| 63| 50|  9|  9|  2|  7|   |  1|   |  6|  1|  1|   |   |   |  5|  1|
I, [2019-10-23T16:30:53.359201 #884]  INFO -- :   3|   |  6|  9|   |   | 12|   |  4|   |  3|  5|133|247| 69| 86| 35| 52| 34|   | 67| 11|  3|  4|  8|  1|  3|  1|  4|   |  5|  3|  2|  6| 13|  2|
I, [2019-10-23T16:30:54.188030 #884]  INFO -- :  15|  2|   |  9|   |   |   |   |  4|   |  1|  3|  8|140|252| 69| 81| 34| 54| 33|   | 62|  3|   |  5|   |   |   |   |  4|   |   |  4|   | 34|  2|
I, [2019-10-23T16:30:55.046773 #884]  INFO -- :   1|  5|  1|  7|   |   |   |  5|   |  8|   |   |  1|  9|146|254| 69| 79| 30| 54| 33|  1| 59|   |   |   |   |  2|   |   |   |   |  7|   |  1|   |
I, [2019-10-23T16:30:55.871186 #884]  INFO -- :    |  2|   |  3| 36|   |   |  2|   |   |  2| 11|   |  2|  7|146|255| 69| 78| 26| 56| 32|   | 58|  1|   |   |  2|   |  2|   |   |   |   |   |  1|
I, [2019-10-23T16:30:56.695244 #884]  INFO -- :    |  4|   |  5|   |   |   |   |  1|   |   |  5| 36|  2|  1|  9|146|255| 69| 78| 28| 56| 32|   | 57|   |   |   |   |   |   |   |   |  3|   |   |
I, [2019-10-23T16:30:57.551692 #884]  INFO -- :   2|   |  3|  1|   |  4|   |   |   |   |   |   |   |  8|  5|  8|146|255| 70| 52| 78| 29| 55| 32|   | 60|   |   |  5|   |   |  4|  1|   |  5|   |
I, [2019-10-23T16:30:58.377246 #884]  INFO -- :   6|  7|  2|  7|  1|   |  7|   |  4|   |   |  3|  2|  1|   |  8| 10|139|250| 69| 83| 34| 52| 32|   | 64|   |   |  3|  2|  6|   |  1|  3| 10|  2|
I, [2019-10-23T16:30:59.202955 #884]  INFO -- :  12|  1| 12| 10|  9|  1| 10|  5|  1|  8|   |  3|  5|  3|   |   |  3| 15|137|250| 68| 83| 34| 56| 34|  3| 65|  1|  9|   |   | 14|   |  3| 15| 39|
I, [2019-10-23T16:31:00.069489 #884]  INFO -- :   3|   | 21|  3| 13| 21| 16|  5| 15|  1|  7| 14|  4| 10|  3|  9|  6|  6| 18|126|238| 68| 91| 42| 52| 37| 18| 64|  8| 17|  9| 18| 13|  4| 21| 18|
I, [2019-10-23T16:31:00.893600 #884]  INFO -- :  32| 22| 19| 21|  8| 17| 30| 32| 32| 25| 19| 29| 23| 32|   | 15|  9| 26| 16| 34|113|225| 67| 91| 46| 56| 42| 13| 50| 18| 30| 24| 11| 13| 22| 14|
I, [2019-10-23T16:31:01.729506 #884]  INFO -- :  16| 16|  3| 26| 28| 12|  8| 26| 14| 24|   |  6|   | 42| 15| 20| 12| 19|  4|  4| 20|120|230| 67| 90| 43| 53| 41| 23| 51|   | 16|  9| 20|  2| 18|
I, [2019-10-23T16:31:02.628880 #884]  INFO -- :  34| 11| 16| 11| 11| 31| 13| 25| 31| 28|  7|   | 12| 19|  8| 23|  9| 21|  2| 48| 18| 34|120|230| 68| 88| 42| 56| 41| 13| 47|  9| 13|  9|  6| 27|
I, [2019-10-23T16:31:03.525791 #884]  INFO -- :  19| 26| 28| 28| 15|  5| 18| 12| 12|  8| 19| 23| 16| 23| 13|  5| 11|  1|  4|  8| 22| 30|117|229| 30| 69| 87| 40| 55| 39| 11| 40| 17|   | 17| 22|
I, [2019-10-23T16:31:04.425781 #884]  INFO -- :  24| 28| 20| 31| 16| 13| 11| 10|  9| 16| 17| 30| 17| 25| 17| 26| 16|  3| 15|  1| 21| 28| 19|116|227| 67| 86| 39| 48| 56| 40| 10| 16| 24| 24| 28|
I, [2019-10-23T16:31:05.306647 #884]  INFO -- :  22| 28| 20| 15| 14| 16| 10|  9|  6| 14| 27|  6| 22| 17| 26|  9| 16|  8| 12| 13| 26| 25| 22| 14|119|230| 69| 85| 37| 55| 37| 14| 33| 15| 34| 24|
I, [2019-10-23T16:31:06.160179 #884]  INFO -- :  23| 16| 29| 26| 30| 17| 28| 13| 14|  9| 10| 20| 30| 21| 26| 32| 20|  2| 15| 23| 32| 25|  2| 12| 25|117|227| 68| 83| 39| 56| 45|  7| 19|   | 19|
I, [2019-10-23T16:31:06.987178 #884]  INFO -- :  29| 19| 10| 23| 25| 16| 15| 26| 24| 30|  7| 18| 25| 22| 19| 16| 15| 28| 26| 14| 31| 24| 14| 27|  5| 21|117|228| 67| 82| 34| 55| 35| 26| 26| 20|
I, [2019-10-23T16:31:07.891170 #884]  INFO -- :  24| 28| 26| 29|  7| 29| 13| 26| 16| 27| 23| 12| 28| 24| 24| 17| 26| 13| 28|  8| 21| 24| 15|  9| 26|  7| 27|117|229| 68| 80| 35| 55| 37|  2| 30|
I, [2019-10-23T16:31:08.788358 #884]  INFO -- :  31|  9| 14| 24| 13| 23| 17| 23| 22| 28| 18| 30|  9| 28| 25| 16| 50| 18| 30| 20| 30| 30| 15| 17|   |  7| 18| 24|113|228| 68| 81| 35| 58| 37| 19|
I, [2019-10-23T16:31:09.689617 #884]  INFO -- :   4|  9| 25| 43| 18| 34| 18| 23| 16| 29| 11| 16| 16| 24| 25| 19| 27| 17| 31| 14| 30| 49|  1| 10| 20| 16| 13|  3| 14|117|230| 68| 80| 36| 57| 36|
I, [2019-10-23T16:31:10.589599 #884]  INFO -- :  28| 18| 22| 11| 15| 34| 17| 34| 16| 30| 17| 31| 19| 33| 19| 24| 15| 25| 10| 10| 29| 35| 13| 21| 26| 53| 24| 23| 14| 29|112|224| 68| 77| 31| 58|
I, [2019-10-23T16:31:11.489013 #884]  INFO -- :  18| 23| 18| 25| 28| 21| 19| 33| 12| 35| 14|  7| 12| 30| 27| 27| 19| 36| 20|  9| 39| 28| 12|  7| 12| 22| 21| 14| 18| 10| 38|113|225| 68| 79| 41|
I, [2019-10-23T16:31:12.391926 #884]  INFO -- :  11| 30| 11| 24| 14| 20| 19| 14| 12| 26| 19| 26| 18| 27| 19| 17|  1| 17|   | 13| 28| 25| 28| 15| 28| 12| 25| 13| 34|  9| 32|108|217| 66| 73| 75|
I, [2019-10-23T16:31:13.292854 #884]  INFO -- :  22| 25| 37| 22|   | 16|   | 19|   | 35| 26| 26| 14| 17|  9| 74| 22| 25| 26| 18| 59| 26| 28| 15| 35| 14| 27| 17| 24| 18| 22| 20|117|227| 69| 80|
I, [2019-10-23T16:31:13.293932 #884]  INFO -- :  24| 25| 26| 27| 28| 29| 30| 31| 33| 34| 35| 36| 37| 38| 39| 40| 41| 42| 43| 44| 45| 46| 47| 48| 49| 50| 51| 52| 53| 54| 55| 56| 57| 58| 59| 60|
I, [2019-10-23T16:31:13.294346 #884]  INFO -- : ------------------------------------------------------------------------------------------------------------------------------------------------
I, [2019-10-23T16:31:14.194584 #884]  INFO -- :  29| 14| 24| 43| 19|  9| 20|  7| 26| 22|  7| 21| 15|   | 15| 29| 17| 21| 16| 25| 30| 36| 20| 31| 13|  6|  3| 10|  9| 22| 10| 18| 31|113|227| 68|
I, [2019-10-23T16:31:15.098973 #884]  INFO -- :  26| 11| 33| 29| 26| 17|  9| 20|  6|  6| 15| 26| 87| 29| 20|   | 18|  6| 21|   | 25| 37| 13| 28| 14| 31| 15| 32| 13| 28|  5| 30| 24| 21|112|224|
I, [2019-10-23T16:31:16.003137 #884]  INFO -- :  18| 20| 31| 10| 22| 12| 31| 14| 30| 11| 22| 22| 35| 21| 11| 15| 11| 22| 14| 21| 24| 22| 11| 19| 14| 25|  8| 22| 10| 20| 10| 25| 18| 33| 21|  3|
I, [2019-10-23T16:31:16.904016 #884]  INFO -- : 226| 68| 84| 38| 55| 33| 15| 57| 15|  3| 16|  5|  8| 11|  5| 13| 18| 19| 16| 21| 30| 31| 17| 21| 16|  3| 15| 29| 34| 15|   | 18| 24| 13| 19| 34|
I, [2019-10-23T16:31:17.806124 #884]  INFO -- : 110|224| 67| 82| 36| 57| 34| 14| 32|  4| 14|   | 22| 15| 16| 13| 25|  9|  7|  4| 26| 58| 16| 10| 30| 21| 34| 16| 27| 22| 27| 22|  4| 14| 30| 15|
I, [2019-10-23T16:31:18.705509 #884]  INFO -- :  28|117|227| 68| 81| 37| 55| 37| 68|  7| 13| 13| 15| 16|   | 12|   |  8| 19| 10| 32| 28| 10| 19|  5| 15|  2| 14|  5|  6|  9|  6|  1| 11| 24| 13|
I, [2019-10-23T16:31:19.605864 #884]  INFO -- :  19| 14|117|228| 69| 81| 39| 56|  9| 69| 15|  9|  1| 23|   | 16| 22| 11|  4| 15| 19| 28| 11| 24| 10| 25|  8| 30|  7| 21| 30| 29| 27| 20| 26| 13|
I, [2019-10-23T16:31:20.506494 #884]  INFO -- :  15| 14| 29|113|225| 68| 80| 35| 36|  5| 82| 10| 12| 20| 10| 17| 15| 21|  7|  3| 20| 24|  5| 21|  5| 21|  4| 27|  2| 28| 11| 28| 32| 13|   | 42|
I, [2019-10-23T16:31:21.408959 #884]  INFO -- :   4|  3| 27| 24|114|227| 69| 81| 55| 37| 10| 70|  9| 11|  8| 18|  8| 11|  5| 12| 19| 25| 10|  3| 12|   |  8| 22|  8| 27| 12|   | 20|  9| 26| 20|
I, [2019-10-23T16:31:22.316703 #884]  INFO -- :  26|  6|  8| 37| 15|112|224| 68| 39| 55| 41| 14| 89| 21| 25|  9| 12|  5|  8|  9| 25| 28| 13| 20| 11| 26| 20| 33|  7| 28| 13| 26|  7| 24|  5| 17|
I, [2019-10-23T16:31:23.241776 #884]  INFO -- :  13| 18|  9| 13| 23|115|227| 69| 84| 41| 55| 39|  9| 75| 15|  8| 16|  9| 22|  2| 23| 18| 10|  4|  5| 16|  8| 13|  5| 14|  9| 22| 10|   | 15| 21|
I, [2019-10-23T16:31:24.160485 #884]  INFO -- :  15| 11| 19|  7| 13| 14|120|230| 84| 41| 52| 39|   | 41| 14| 59| 15|  9| 20|  6| 25| 16| 11|  1| 10|  6|  7| 13| 14| 15| 21|  7| 26| 12| 26| 10|
I, [2019-10-23T16:31:25.075014 #884]  INFO -- :  20| 10| 21| 10|   |  5|  2| 11|227| 68| 89| 44| 51| 40| 20| 70| 18| 30|   |  7| 19| 19| 13|  6| 15|  8|  5|  8|  1| 19|  5|  1| 20|  4| 24| 14|
I, [2019-10-23T16:31:25.987921 #884]  INFO -- :  10|  7| 18| 13|  4| 16| 10| 15|115|227| 68| 91| 45| 50| 47| 11| 70| 13|  1|  7| 25| 24| 23|  8|  7| 21| 11| 21| 14| 22| 16| 19| 21|  7|   | 14|
I, [2019-10-23T16:31:26.900142 #884]  INFO -- :  23|  8| 18| 21|  4| 19|  7| 15| 16|116|227| 68| 91| 46| 50| 43| 22| 63| 19| 22| 26| 24|  4|   |  8| 14| 33| 21| 10| 25| 16| 28|   |  9| 25| 14|
I, [2019-10-23T16:31:27.781842 #884]  INFO -- :  28| 17| 26| 22|  8| 22|  6| 15| 12| 28|116|227| 68| 93| 45| 51| 44| 11| 46| 10| 32| 24| 15| 21| 17| 26|  7|  8| 13| 13| 22| 15| 54| 22| 17| 30|
I, [2019-10-23T16:31:28.621936 #884]  INFO -- :  14| 23| 12|  2| 24| 19|  5| 16|  3| 13| 11|117|227| 68| 94| 44| 49| 42| 15| 38| 22| 25| 18| 13| 20| 13| 11|   |  8| 30| 25|  3|  4| 28| 16| 27|
I, [2019-10-23T16:31:29.502010 #884]  INFO -- :   5| 20| 16| 22|  9| 17| 30| 21|  6| 11| 16| 15|115|227| 68| 94| 50| 48| 43| 18| 41| 24|  6| 16| 10| 21|  7| 12| 18|  9| 23| 12| 22| 12| 12| 26|
I, [2019-10-23T16:31:30.338698 #884]  INFO -- :  13| 19| 24| 13| 16| 11| 24|   |  4|  6|  9|  9| 22|117|230| 68| 94| 47| 50| 42| 19| 55|  6|  7| 22|  9| 20| 20| 19| 14| 13| 12|   |  2| 13|   |
I, [2019-10-23T16:31:31.170192 #884]  INFO -- :   8| 27| 13|  3| 20| 17|  1| 15|   |  2|  4|   | 14|119|230| 69| 94| 48| 24| 54| 41| 22| 62|  5|  3| 23|  5| 21| 12| 11|   |  9|  7| 24| 19| 12|
I, [2019-10-23T16:31:32.046166 #884]  INFO -- :    | 13| 18| 19| 14| 12| 23| 13|  9| 25| 15|  5|  8| 25|120|230| 68| 94| 44| 52| 42| 22| 63|  8|  7| 34| 17| 10| 10|  6| 22|  4| 18| 18| 18| 10|
I, [2019-10-23T16:31:32.885299 #884]  INFO -- :  17| 14| 16| 20|  6|  3| 21| 15| 19|  9|  9| 19| 10| 13| 24|119|230| 68| 94| 44| 52| 43| 13| 66| 14|  1|  6|  1|  6| 15| 14|  7| 14| 24|  8| 26|
I, [2019-10-23T16:31:33.716536 #884]  INFO -- :  17| 30| 26|  9| 12| 21| 21| 13|   |  9| 13|   | 12| 21| 10| 16|117|230| 67| 94| 48| 51| 43| 14| 65|   | 13| 13| 22| 12| 26| 15|  9|  7|   | 11|
I, [2019-10-23T16:31:34.589767 #884]  INFO -- :  28| 18| 23| 20| 44| 14| 29| 15|   | 13| 19|  1| 11| 16|  6| 29| 18|117|228| 68| 93| 48| 50| 43| 19| 67| 19| 12| 18|  8| 18| 28| 11| 22| 20| 17|
I, [2019-10-23T16:31:35.421748 #884]  INFO -- :   6| 24| 25| 19| 24| 16| 12| 15| 16| 21|  6| 22| 27| 18| 23|  4| 20| 29|115|227| 67| 93| 44| 50| 40| 24| 61| 14|  1|  4| 25| 29| 16| 13| 20| 16|
I, [2019-10-23T16:31:36.250833 #884]  INFO -- :  21| 24| 26| 26| 33| 13| 16|   | 16| 17| 32| 11|  9| 21|  9| 18| 16| 27|116| 29|227| 68| 91| 45| 53| 41| 20| 60| 13| 23|  5| 10| 30| 24| 17| 31|
I, [2019-10-23T16:31:37.111772 #884]  INFO -- :  12| 27| 24| 17| 13| 33|  9| 22| 10| 16|   |  3| 17| 18| 13| 28| 14| 26| 12|119|227| 68| 91| 43| 52| 40| 23| 21| 58| 27| 12| 24| 20| 13| 27| 16|
I, [2019-10-23T16:31:37.942097 #884]  INFO -- :   8| 14| 34| 20| 27| 14| 31| 24| 18| 23| 22| 17| 22|  8| 20| 23| 11| 15| 24| 15|113|224| 68| 91| 43| 50| 41| 18| 48| 21| 13| 28| 19| 11| 17|   |
I, [2019-10-23T16:31:38.772984 #884]  INFO -- :  15| 19| 14| 34| 24|   | 17| 17| 39| 22| 29| 24| 13| 28| 18| 18| 22| 13|  8| 55| 23|113|225| 67| 89| 44| 54| 40|  6| 46| 22| 13| 16|   |  7| 10|
I, [2019-10-23T16:31:39.601678 #884]  INFO -- :  32| 23| 23| 16| 28| 17|  3| 13| 30| 26| 25| 29| 28| 23| 26| 12| 15|  6| 11| 11| 24| 23|120|230| 68| 88| 40| 54| 35| 10| 47| 16|  3| 15| 19|  6|
I, [2019-10-23T16:31:40.477087 #884]  INFO -- :  15|  8| 23| 21| 29| 20| 24|  8| 25|  3| 25| 26| 11| 22| 36| 29| 21| 23| 11| 15| 29| 26| 15|117|229| 68| 87| 40| 55| 37| 17| 43| 15| 19| 18| 18|
I, [2019-10-23T16:31:41.309203 #884]  INFO -- :  30| 17| 18| 33| 14| 16| 31|  8| 27| 12| 14| 23| 20| 22|  8| 14| 20| 23| 11| 20| 24| 51| 22| 12|118|230| 68| 85| 36| 56| 33|  5| 31| 24| 23| 13|
I, [2019-10-23T16:31:42.136246 #884]  INFO -- :  23| 18| 32| 14| 34| 18| 30| 18| 15| 18| 14| 19| 23| 23| 31|  3|  8|  5| 24| 12| 26| 24|  9| 26|118|229| 68| 85| 40| 55| 54| 38| 23| 23|  5|  4|
I, [2019-10-23T16:31:43.004981 #884]  INFO -- :  17|   | 21| 29| 19| 33| 11|   | 14| 27|  3| 20| 25| 24|  3| 18| 27| 11| 28| 13| 28| 27|  9| 19| 19|117|229| 69| 84| 42| 59| 38| 22| 23| 15| 25|
I, [2019-10-23T16:31:43.833443 #884]  INFO -- :  28|   | 22| 27| 21| 30| 18| 32|  7| 13| 24| 16| 23|   | 19| 12| 28| 14| 27| 21| 17| 25| 72| 18| 24| 17|120|230| 69| 82| 38| 55| 37| 19| 23|  8|
I, [2019-10-23T16:31:44.661775 #884]  INFO -- :  26| 16| 23| 17| 21| 16| 27| 20| 47| 28| 20| 30| 25| 21| 21| 13| 15|  3|  6| 12| 29| 21| 23| 16| 10| 24| 13|117|230| 69| 81| 39| 55| 38| 26| 26|
I, [2019-10-23T16:31:45.492393 #884]  INFO -- :  20|  9| 26| 26| 28|  9| 17| 31| 15| 33| 23| 12| 24| 19| 15| 29| 34| 19| 22| 17| 25| 30| 25| 23| 21| 16| 20| 21|117|230| 69| 80| 39| 57| 37| 24|
I, [2019-10-23T16:31:46.367789 #884]  INFO -- :  30| 30| 30| 28| 25| 15| 22| 23| 21| 26| 14| 22| 14| 16|  6| 20| 23| 15| 23| 20| 21| 26| 31| 39| 26| 12|  8| 30| 20|117|227| 68| 79| 38| 55| 35|
I, [2019-10-23T16:31:47.196359 #884]  INFO -- :    | 21| 25| 23| 25| 15| 20|  9| 12|   | 16| 23| 17| 21| 16| 23| 18| 28| 17|  9| 29| 22|  9| 21| 18|  8| 11| 11| 20|120|230|230| 69| 80| 34| 56|
I, [2019-10-23T16:31:48.025369 #884]  INFO -- :  17| 26|  7| 26| 23| 34| 15| 22|  9| 15| 29| 11| 19| 24| 20| 21| 33| 12| 26| 21| 23| 30| 10| 10|  6| 11| 21| 25| 15| 26|114|227| 69| 80| 37| 59|
I, [2019-10-23T16:31:48.890357 #884]  INFO -- :  14| 31| 28|  2| 17| 19| 29| 30| 25| 23| 27| 21| 26| 22| 25|  4| 19| 25| 15|  1| 28| 32|  8| 12| 21| 13| 19| 12| 22| 16| 25|120|230| 68| 80| 33|
I, [2019-10-23T16:31:49.718247 #884]  INFO -- :  30| 16|  6| 19|  3| 18| 29| 13| 28| 42| 14| 32| 23| 15| 29| 18| 20| 24| 12| 18| 30| 31| 26| 25| 16| 23| 10|  9| 22| 15| 34| 26|117|230| 68| 81|
I, [2019-10-23T16:31:50.548750 #884]  INFO -- :  20| 25| 30| 13| 27|  8| 16|  7| 13| 16| 33|  7| 20| 38| 15| 27|  9| 21|  3| 17| 31| 32| 16| 22|  3| 18| 29| 10| 26| 20| 16| 17| 33|117|228| 68|
I, [2019-10-23T16:31:51.414541 #884]  INFO -- :  21| 30| 15| 10| 13| 12| 21| 41| 23|  9| 32| 28|  4| 30| 11| 20| 29| 13| 16| 19| 25| 21|   | 13| 24| 11| 18| 26| 12| 22|  5| 14|   | 16|117|227|
I, [2019-10-23T16:31:52.271437 #884]  INFO -- :  26| 17| 22| 20| 22| 15| 27|  6| 15| 27| 22| 28| 27| 29| 22| 21| 26| 12| 34|  7| 30| 17|  9| 23| 11| 14| 26| 15| 27|  6|  9| 50|  9|  6|   |  9|
I, [2019-10-23T16:31:53.162816 #884]  INFO -- : 230| 68| 87| 37| 53| 35| 14| 32| 12|  2|  9|   |  3|  6|  6|  4| 17|  5| 11| 12| 20| 26|  8| 23| 13| 26|  5| 18| 11| 27| 14| 25| 10| 23| 11| 27|
I, [2019-10-23T16:31:54.064734 #884]  INFO -- : 230| 41| 69| 84| 36| 54| 37|  5| 11|  6|  6|  1|  6| 11|  8| 17| 13| 15|  5| 12| 19| 21|  8| 15|  5| 21|  9| 23| 15| 21| 13| 26| 10| 18| 10| 25|
I, [2019-10-23T16:31:54.966498 #884]  INFO -- : 120|230| 68| 83| 39| 26| 55| 33| 53|  5| 20|  2| 16|  8|  3|  2| 11|  1|  7|  6| 17| 19| 12| 16|  7| 19|  9| 17|  7| 17| 12| 18|  9| 14|  8| 25|
I, [2019-10-23T16:31:55.862121 #884]  INFO -- :  13|120|230| 68| 81| 35| 55| 36| 52|  1| 47|  2|  9|  1|  7| 11| 12|  8|  8|  5| 19| 20| 16| 15|  9| 15| 11| 15| 13| 25| 12| 21| 17| 28| 14| 26|
I, [2019-10-23T16:31:56.759183 #884]  INFO -- :  47| 19|120|232| 69| 81| 35| 56| 10| 53| 10|  6|  2|  8|  6| 13|  4| 13|  8| 10| 21| 23|  9| 17| 11| 23|  5| 17|  7| 22|  9| 25| 11| 22|  4| 16|
I, [2019-10-23T16:31:57.668765 #884]  INFO -- :  12| 11| 16|117|229| 68| 81| 37| 35|  9| 72|  9| 22| 14| 13| 13| 19|  9| 17| 23| 15| 18|   |  8|   |  7|   |  7|   | 20| 68|  7| 26|  4| 25| 14|
I, [2019-10-23T16:31:57.670630 #884]  INFO -- :  24| 25| 26| 27| 28| 29| 30| 31| 33| 34| 35| 36| 37| 38| 39| 40| 41| 42| 43| 44| 45| 46| 47| 48| 49| 50| 51| 52| 53| 54| 55| 56| 57| 58| 59| 60|
I, [2019-10-23T16:31:57.671253 #884]  INFO -- : ------------------------------------------------------------------------------------------------------------------------------------------------
I, [2019-10-23T16:31:58.571183 #884]  INFO -- :   4|  9| 10| 14|118|230| 69| 82| 58| 37|  7| 68|  8| 15|  8| 17|  9| 10|  9| 17| 20| 20|  5|   | 13|   |  9| 16| 12| 15|  8| 12|  5| 16| 15|  9|
I, [2019-10-23T16:31:59.468651 #884]  INFO -- :  11|   | 10| 24| 15|114|227| 68| 41| 53| 40| 11| 79|  9|  8|  2|  7| 14|  7|  5| 15| 13|  3| 12| 10| 11|  7| 11| 42|  6|  5| 22|  6| 12| 22| 12|
I, [2019-10-23T16:32:00.330142 #884]  INFO -- :   9|  5| 17|  8|  8| 23|120|230| 85| 41| 53| 40|  8| 69| 10|  1|  7|   |  3|  7| 17| 20| 17| 17|  2| 23|  5| 13| 18| 14| 26|  4| 11|  7| 29|  9|
I, [2019-10-23T16:32:01.205334 #884]  INFO -- :  13| 11| 25| 16| 15|   |  4|  9|230| 68| 90| 45| 51| 40| 15| 66| 14| 17| 10|  7| 24| 28|  4| 21|  9| 20| 11| 24| 21| 13| 24|  8| 19| 21| 13| 26|
I, [2019-10-23T16:32:02.041235 #884]  INFO -- :  14| 18| 14|  2| 21| 14|  7|  9|120|230| 68| 91| 45| 51| 43| 12| 46|  5| 15| 11| 19| 24|  3|  8|   |  8| 21| 14| 13|   |  7|  7| 30| 17| 25| 11|
I, [2019-10-23T16:32:02.944262 #884]  INFO -- :   6| 10| 18| 13| 12| 16| 13|  9|120|230| 69| 23| 92| 44| 48| 41| 11| 20| 10| 17| 18| 20|  2| 16|  5| 20|  7| 18|  7| 18|  3| 22| 16|  9| 24| 11|
I, [2019-10-23T16:32:03.841864 #884]  INFO -- :  30|  7| 11| 25|  7| 23|  6| 11| 20|120|230| 68| 91| 45| 50| 43| 40|  9| 18| 11| 13| 25|  7| 19|  2| 14|  1| 20| 10| 21| 12| 21| 22| 12|   |  8|
I, [2019-10-23T16:32:04.739743 #884]  INFO -- :   2|  8| 24| 25|  2| 16|  6|   | 12|  8|120|230| 69| 94| 45| 48| 43| 16| 30| 13| 51| 25|  1|  8|  5| 13|  3| 10|  7| 18|  5|  5| 18|  7| 21|  7|
I, [2019-10-23T16:32:05.636026 #884]  INFO -- :  24|  9| 22| 13| 22| 20|  7| 12|  9| 16|  7|119|230| 69| 94| 47| 51| 40|  6| 30| 23| 19| 15|  1| 14| 39| 19|  2| 15|  8| 14| 10|   |  9| 24|  5|
I, [2019-10-23T16:32:06.546478 #884]  INFO -- :  23| 10| 15| 20|  7|  2| 26|  3| 12|  1|  9| 23|120|230| 69| 94| 46| 50| 42| 15| 52| 14|  8|  1|  4|   |  8|   |  8|  8|  7|   |  5|  2| 13| 17|
I, [2019-10-23T16:32:07.449832 #884]  INFO -- :  11| 11| 20|  5|  5|  6|   |   | 11|  9|  8|  1| 17|120|233| 69| 94| 46| 51| 40| 14| 61|  2|  3|   |  6|   |  6|   |  5| 16| 10| 23|  2| 40|  5|
I, [2019-10-23T16:32:08.348184 #884]  INFO -- :  11|  9|  5| 24|  6|  8|  1| 11|  3| 18| 16|  5| 16| 16|120|231| 66| 95| 48| 51| 42| 17| 64|  9|   |  7|   |  7|   |  8| 25|  8| 19|  3| 11| 18|
I, [2019-10-23T16:32:09.245320 #884]  INFO -- :  16| 12| 21| 15| 13|  5| 23|  7| 11| 11| 17| 21|   | 10|  5|120|234| 69| 94| 45| 50| 40| 15| 68| 17|  5| 14|  5| 20|  9| 19| 11| 10| 21| 14| 25|
I, [2019-10-23T16:32:10.144030 #884]  INFO -- :   8| 18| 26| 15| 26| 16| 21| 34| 20|  7|   |  7| 17| 25| 17| 14|120|230| 68| 94| 43| 49| 42| 11| 67| 12| 24| 17| 22|  8| 19|  7|  8| 25| 14| 26|
I, [2019-10-23T16:32:11.043017 #884]  INFO -- :  15| 20| 29| 11|  1|  8| 24|  9| 19|  9| 14|  8| 42| 10| 16| 19| 23|120|234| 69| 94| 45| 51| 40|  9| 68| 21|  3| 22|  1| 20|  1|  9|  2|  6|  4|
I, [2019-10-23T16:32:11.940987 #884]  INFO -- :  14| 32| 25| 24|   |  9|  8| 10| 22|  7|  9|  7| 17| 13| 17| 18| 21| 25|119|230| 67| 92| 44| 52| 38|  1| 64|  1| 21|  8| 24|   | 14|  4| 14| 25|
I, [2019-10-23T16:32:12.838143 #884]  INFO -- :  22|  1| 23| 26| 26|  5| 22| 13| 19| 11| 20|  6| 12|  6| 10| 25| 18| 19|119|230| 68| 53| 91| 45| 52| 40|  3| 65| 13| 13|  3| 16|  9| 22|  7| 18|
I, [2019-10-23T16:32:13.741828 #884]  INFO -- :  12| 26| 12| 26| 15| 31| 23|  7| 14|  5|  9| 17| 12| 18| 15| 27| 33| 28| 22| 93|208| 60| 76| 32| 49| 39| 33| 12| 63| 10|  1|   |  2| 12| 10| 23|
I, [2019-10-23T16:32:14.641967 #884]  INFO -- :  21| 18| 15| 13| 29| 16| 36| 19| 26| 17| 20| 15|   |  9|   |   |   |   |   |  9|136|254| 70| 82| 38| 51| 37|   | 56|   |   |   |   |   |   |   |
I, [2019-10-23T16:32:15.539779 #884]  INFO -- :    |   |   |   | 19|   |   |   |  1|   |   |   |   |   |   |   |   |   |   |   | 10|142|253| 68| 78| 30| 55| 33|  2| 61|  3|   |  1|   |   |  6|
I, [2019-10-23T16:32:16.439355 #884]  INFO -- :   5| 19| 23|  6| 11|  4|  8|  1|  8|  2|  1|  6| 17| 14| 12| 14| 31| 30| 28|  5|   |  7|133|247| 70| 80| 27| 56| 33|   | 55|   |   |   |   |   |
I, [2019-10-23T16:32:17.341274 #884]  INFO -- :   3|  5| 30| 26|  2| 30| 14| 35| 57| 43| 60| 41| 54| 54| 55| 56| 58| 43| 51| 37| 56| 43| 44|110|221| 66| 80| 44| 59| 45| 53| 91| 44| 54| 41| 52|
I, [2019-10-23T16:32:18.194979 #884]  INFO -- :  55| 44| 50| 53| 34| 54| 38| 21| 50| 35| 12| 33| 31| 42| 44| 51| 28| 41| 19| 25| 40| 46| 39| 48| 96|214| 65| 78| 44| 59| 50| 50| 84| 40| 49| 34|
I, [2019-10-23T16:32:19.042222 #884]  INFO -- :  47| 40| 46| 35| 33| 44| 47| 43| 44| 39| 46| 46| 39| 48| 41| 35| 50| 40| 56| 14| 42| 48| 26| 38| 41|109|221| 68| 82| 46| 54| 48| 19| 71| 40| 31|
I, [2019-10-23T16:32:19.918392 #884]  INFO -- :  41| 42| 50| 36| 51| 37| 31|  2| 33| 26|   | 29| 35| 13| 17| 32| 41| 39| 24| 37| 28| 30|  9| 40| 29| 27|120|230| 68| 85| 42| 54| 56| 39| 58| 40|
I, [2019-10-23T16:32:20.828548 #884]  INFO -- :  26| 50| 69| 54| 37| 56| 37| 43| 43| 50| 30| 14| 31|  1| 29| 45| 38| 47| 40| 46| 46| 50| 26| 46| 25| 45|109| 65|224| 67| 84| 53| 55| 49|   | 61|
I, [2019-10-23T16:32:21.729637 #884]  INFO -- :  32| 52| 38| 35| 46| 18| 48| 33| 43| 24| 28| 47| 25| 40| 31| 45| 28| 45| 34|  3| 46| 22| 28| 43| 25| 35| 41|113|226| 68| 85| 52| 42| 55| 53| 34|
I, [2019-10-23T16:32:22.625090 #884]  INFO -- :  51| 41| 42| 49| 27| 21| 28|  1| 31| 42| 32| 44| 23| 33| 36| 30| 39| 24| 28| 31| 43| 33| 39| 28| 33| 20| 40| 36|117|230| 70| 86| 45| 52| 44| 25|
I, [2019-10-23T16:32:23.460039 #884]  INFO -- :  59| 40| 36| 39|  1| 24| 55| 25| 30| 42| 30| 42| 42| 46| 41| 34| 45| 54| 28| 56| 48| 42| 49| 31| 36|  1| 32| 37| 46|118|220| 66| 82| 60| 56| 52|
I, [2019-10-23T16:32:24.355753 #884]  INFO -- :  47| 36| 46| 48| 52| 48| 55| 38| 51| 39|  9| 36| 25| 45| 43| 47| 51| 44| 46| 30| 46| 39| 46| 33| 44| 28| 48| 37| 44| 27|109|221| 66| 85| 46| 53|
I, [2019-10-23T16:32:25.254570 #884]  INFO -- :  42| 22| 22| 43| 45| 37| 43| 33| 40| 33| 53| 37|   | 43| 21| 41| 28| 41| 17| 36| 43| 50| 47| 34| 46| 33| 42| 37| 34| 41| 10| 97|217| 68| 82| 50|
I, [2019-10-23T16:32:26.155567 #884]  INFO -- :  41| 47| 53| 52| 52| 47| 54| 47| 47| 33| 57| 46| 58| 52| 26| 58| 35| 48| 24| 44| 58| 55| 48| 45| 56| 37| 53| 38| 52| 41| 29| 42| 94|210| 65| 78|
I, [2019-10-23T16:32:27.054127 #884]  INFO -- :  49| 33| 59| 40| 53| 40| 55| 49| 55| 44| 60| 51| 29| 51| 12| 45| 12| 48| 11| 43| 56| 52| 60| 37| 52| 27| 50| 37| 58| 46|  9| 42| 62| 84|191| 69|
I, [2019-10-23T16:32:27.957916 #884]  INFO -- :  46| 53| 60| 49| 55| 48| 51| 37| 53| 48| 54| 41| 59| 52| 24| 40| 25| 38| 12| 38| 53| 48| 51| 35| 50| 34| 48| 35| 51| 38| 48| 35| 45| 54| 94|206|
I, [2019-10-23T16:32:28.864974 #884]  INFO -- :  39| 43| 53| 54| 37| 51| 41| 31| 41| 49| 45| 52| 39| 55| 41| 37| 42| 54| 28| 53| 44| 35| 37| 21| 36|  1| 26| 23| 27| 49| 33| 30| 45| 49| 44| 61|
I, [2019-10-23T16:32:29.763479 #884]  INFO -- : 204| 63| 72| 47| 39| 43| 52| 93| 47| 26| 35| 51| 33| 53| 47| 53| 54| 59| 40| 63| 53| 53| 48| 28| 48| 34| 42| 16| 52| 40| 44|  8| 50| 46| 55| 45|
I, [2019-10-23T16:32:30.662451 #884]  INFO -- :  83|148| 55| 68| 39| 48| 45| 19| 29| 33| 19| 37| 31| 44| 39| 51| 51| 45| 38| 35| 53| 45| 47|  8| 47| 13| 49|  8| 51| 30| 49|  6| 49| 50| 61| 41|
I, [2019-10-23T16:32:31.561625 #884]  INFO -- :  89|198| 57| 59| 52| 56| 43| 55| 92| 50| 45| 59| 39| 33| 48| 30| 50| 58| 37|  5| 56| 60| 44| 54| 52| 64| 52| 60| 55| 66| 50| 65| 42| 58| 64| 49|
I, [2019-10-23T16:32:32.480218 #884]  INFO -- :  43| 82|191| 61| 64| 39| 50| 43| 63| 96| 60| 39| 22| 57|  7| 43|  7| 37| 10| 39| 65| 55| 60| 45| 56| 41| 58| 47| 55| 47| 61| 43| 63| 55| 58| 49|
I, [2019-10-23T16:32:33.379651 #884]  INFO -- :  37| 48| 94|208| 63| 74| 42| 31| 37| 93| 44| 55| 44| 48| 38| 57| 43| 55| 39| 62| 58| 46| 37|  6| 42| 13| 42| 21| 45| 30| 49| 16| 56| 66| 54| 47|
I, [2019-10-23T16:32:34.278981 #884]  INFO -- :  42| 30| 39| 93|208| 64| 75| 47| 47| 49| 93| 49| 36| 50| 35| 26| 48| 55| 38| 50| 55| 44| 43|  6| 39|  9| 40|  6| 49| 33| 45|  8| 46| 51| 67| 56|
I, [2019-10-23T16:32:35.178738 #884]  INFO -- :  58| 37| 38| 48| 91|201| 60| 73| 38| 49| 38| 93| 37| 28| 41| 13| 49| 30| 50|  5| 56| 47| 42|  2| 43| 63| 45|  8| 48| 11| 53| 62| 45| 53| 61| 54|
I, [2019-10-23T16:32:36.084475 #884]  INFO -- :  50| 38| 47| 55| 33| 91|201| 62| 39| 53| 47| 51| 92| 22| 45| 48| 55| 37| 38|  9| 55| 58| 38| 60| 39| 59| 45| 66| 45| 55| 53| 65| 38| 70| 47|  6|
I, [2019-10-23T16:32:36.986037 #884]  INFO -- :  52| 32| 49| 25| 20| 33| 97|214| 84| 50| 46| 45| 45| 89| 42| 33| 48| 29| 50| 26| 51| 41| 51| 34| 51| 30| 42| 31| 45| 28| 54| 52| 42| 56| 40| 55|
I, [2019-10-23T16:32:37.884650 #884]  INFO -- :  25| 37| 40| 30| 53| 41| 48| 30|227| 70| 86| 36| 53| 33|   | 60|  6|   |  3|   |  7|   |   |   |   |   |   |   |   |   |   |   |   |   |   |   |
I, [2019-10-23T16:32:38.783442 #884]  INFO -- :   9|   |   |   |   |   |   |   |160|255| 70| 59| 17| 56| 32|   | 50|   |   |   |   |   |   |   |   |   |   |   |   |   |   |   |   |   |   |   |
I, [2019-10-23T16:32:39.688175 #884]  INFO -- :    |   |   |   |   |   |   |   | 10| 96|224| 69| 71| 25| 56| 32|   | 51|   |   |   |   |   |   |   |   |   |   |   |   |   |   |   |   |   |   |
I, [2019-10-23T16:32:40.592134 #884]  INFO -- :    |   |   |   |   |   |  3|   |  6| 11|113|227| 67| 79| 37| 55| 33|   | 45|   |   |   |   |   |   |   |  1|  1|   |   |   |   |   |   |   |   |
I, [2019-10-23T16:32:41.490653 #884]  INFO -- :    |   |   |   |   |   |   |   |   |   | 81|182| 40| 14|  9|   |   |   |   | 52|   |   |   |   |   |   |   |   |   |   |   |   |   |   |   |   |
I, [2019-10-23T16:32:42.390411 #884]  INFO -- :    |   |   |   |   |   |   |   |   |   |   | 35|136| 10|   |   |   |   |   |   | 45|   |   |   |   |   |   |   |   |   |   |   |   |   |   |   |
I, [2019-10-23T16:32:43.288764 #884]  INFO -- :    |   |   |   |   |   |   |   |   |   |   |   | 16|120|   |   |   |   |   |   | 21|   |   |   |   |   |   |   |   |   |   |   |   |   |   |   |
I, [2019-10-23T16:32:43.290144 #884]  INFO -- :  24| 25| 26| 27| 28| 29| 30| 31| 33| 34| 35| 36| 37| 38| 39| 40| 41| 42| 43| 44| 45| 46| 47| 48| 49| 50| 51| 52| 53| 54| 55| 56| 57| 58| 59| 60|
I, [2019-10-23T16:32:43.290668 #884]  INFO -- : ------------------------------------------------------------------------------------------------------------------------------------------------
I, [2019-10-23T16:32:44.206428 #884]  INFO -- :    |   |   |   |   |   |   |   |   |   |   |   |   | 16|115|   |   |   |   |   |   | 52|   |   |   |   |   |   |   |   |   |   |   |   |   |   |
I, [2019-10-23T16:32:45.103855 #884]  INFO -- :    |   |   |   |   |   |   |   |   |   |   |   |   |   | 14|107|   |   |   |   |   |   | 52|   |   |   |   |   |   |   |   |   |   |   |   |   |
I, [2019-10-23T16:32:46.003177 #884]  INFO -- :    |   |   |   |   |   |   |   |   |   |   |   |   |   |   |  3| 98|   |   |   |   |   |   | 49|   |   |   |   |   |   |   |   |   |   |   |   |
I, [2019-10-23T16:32:46.902744 #884]  INFO -- :    |   |   |   |   |   |   |   |   |   |   |   |   |   |   |   |   | 94|   |   |   |   |   |   | 36|   |   |   |   |   |   |   |   |   |   |   |
I, [2019-10-23T16:32:47.800679 #884]  INFO -- :    |   |   |   |   |   |   |   |   |   |   |   |   |   |   |   |   |   | 73|   |   |   |   |   |   | 15|   |   |   |   |   |   |   |   |   |   |
I, [2019-10-23T16:32:48.699841 #884]  INFO -- :    |   |   |   |   |   |   |   |   |   |   |   |   |   |   |   |   |   |   | 78|   |   |   |   |   |   | 15|   |   |   |   |   |   |   |   |   |
I, [2019-10-23T16:32:49.599864 #884]  INFO -- :    |   |   |   |   |   |   |   |   |   |   |   |   |   |   |   |   |   |   |   | 79|   |   |   |   |   |   | 16|   |   |   |   |   |   |   |   |
I, [2019-10-23T16:32:50.499537 #884]  INFO -- :    |   |   |   |   |   |   |   |   |   |   |   |   |   |   |   |   |   |   |   |   | 78|   |   |   |   |   |   | 16|   |   |   |   |   |   |   |
I, [2019-10-23T16:32:51.402811 #884]  INFO -- :    |   |   |   |   |   |   |   |   |   |   |   |   |   |   |   |   |   |   |   |   | 69|   |   |   |   |   |   |   |  7|   |   |   |   |   |   |
I, [2019-10-23T16:32:52.309735 #884]  INFO -- :    |   |   |   |   |   |   |   |   |   |   |   |   |   |   |   |   |   |   |   |   |   | 71|   |   |   |   |   |   |   |  3|   |   |   |   |   |
I, [2019-10-23T16:32:53.212774 #884]  INFO -- :    |   |   |   |   |   |   |   |   |   |   |   |   |   |   |   |   |   |   |   |   |   |   | 71|   |   |   |   |   |   |  2|   |   |   |   |   |
I, [2019-10-23T16:32:54.110920 #884]  INFO -- :    |   |   |   |   |   |   |   |   |   |   |   |   |   |   |   |   |   |   |   |   |   |   |   | 69|   |   |   |   |   |   |   |   |   |   |   |
I, [2019-10-23T16:32:55.018709 #884]  INFO -- :    |   |   |   |   |   |   |   |   |   |   |   |   |   |   |   |   |   |   |   |   |   |   |   |   | 72|   |   |   |   |   |   |   |   |   |   |
I, [2019-10-23T16:32:55.916555 #884]  INFO -- :    |   |   |   |   |   |   |   |   |   |   |   |   |   |   |   |   |   |   |   |   |   |   |   |   |   | 78|   |   |   |   |   |   |   |   |   |
I, [2019-10-23T16:32:56.815472 #884]  INFO -- :    |   |   |   |   |   |   |   |   |   |   |   |   |   |   |   |   |   |   |   |   |   |   |   |   |   |   | 84|   |   |   |   |   |   |   |   |
I, [2019-10-23T16:32:57.674996 #884]  INFO -- :    |   |   |   |   |   |   |   |   |   |   |   |   |   |   |   |   |   |   |   |   |   |   |   |   |   |   |   | 74|   |   |   |   |   |   |   |
I, [2019-10-23T16:32:58.579641 #884]  INFO -- :    |   |   |   |   |   |   |   |   |   |   |   |   |   |   |   |   |   |   |   |   |   |   |   |   |   |   |   |   | 97|   |   |   |   |   |   |
I, [2019-10-23T16:32:59.474488 #884]  INFO -- :    |   |   |   |   |   |   |   |   |   |   |   |   |   |   |   |   |   |   |   |   |   |   |   |   |   |   |   |   |   |100|   |   |   |   |   |
I, [2019-10-23T16:33:00.325141 #884]  INFO -- :    |   |   |   |   |   |   |   |   |   |   |   |   |   |   |   |   |   |   |   |   |   |   |   |   |   |   |   |   |   | 87|   |   |   |   |   |
I, [2019-10-23T16:33:01.220244 #884]  INFO -- :    |   |   |   |   |   |   |   |   |   |   |   |   |   |   |   |   |   |   |   |   |   |   |   |   |   |   |   |   |   |   | 68|   |   |   |   |
I, [2019-10-23T16:33:02.117718 #884]  INFO -- :    |   |   |   |   |   |   |   |   |   |   |   |   |   |   |   |   |   |   |   |   |   |   |   |   |   |   |   |   |   |  7|111|224| 68| 87| 41|
I, [2019-10-23T16:33:03.017212 #884]  INFO -- :    |   |   |   |   |   |   |   |   |   |   |   |   |   |   |   |   |   |   |   |   |   |   |   |   |   |   |   |   |   |   |  8|110|221| 66| 84|
I, [2019-10-23T16:33:03.916178 #884]  INFO -- :    |   |   |   |   |   |   |   |   |   |   |   |   |   |   |   |   |   |   |   |   |   |   |   |   |   |   |   |   |   |   |   |  5| 94|206| 61|
I, [2019-10-23T16:33:04.816235 #884]  INFO -- :    |   |   |   |   |   |   |   |   |   |   |   |   |   |   |   |   |   |   |   |   |   |   |   |   |   |   |   |   |   |   |   |   |   | 84|195|
I, [2019-10-23T16:33:05.720074 #884]  INFO -- :    |   |   |   |   |   |   |   |   |   |   |   |   |   |   |   |   |   |   |   |   |   |   |   |   |   |   |   |   |   |   |   |   |   |   |   |
I, [2019-10-23T16:33:06.614140 #884]  INFO -- : 250| 69| 81| 31| 52| 35|   | 55|   |   |   |   |   |   |   |   |   |   |   |   |   |   |   |   |   |   |   |   |   |   |   |   |   |   |   |   |
I, [2019-10-23T16:33:07.507834 #884]  INFO -- :  48|159| 30| 75| 42| 44| 44|   |   |   |   |   |   |  1|  3| 10|  3|  4|  2|  1|   |  1|   |  1|   |   |   |   |   |   |   |   |   |   |   |   |
I, [2019-10-23T16:33:08.411038 #884]  INFO -- :   4| 74|159| 24|   |  4|   | 42| 71|   |   |   |   |  6| 13| 24|  6|   |   |   |   |   |   |   |   |   |   |   |   |   |   |   |   |  5|   |   |
I, [2019-10-23T16:33:09.324653 #884]  INFO -- :    |  9|150|255| 69| 81| 36| 53|   | 71|   |   |   |   |   |   |   |   |   |   |   |   |   |   |   |   |   |   |   |   | 30|   |   |   |   |   |
I, [2019-10-23T16:33:10.218301 #884]  INFO -- :    |   |  6|155|255| 69| 97| 46| 46|   | 74|   |   |   |   |   |   |   |   |   |   |   |   |   |   |   |   |   |   |   |   |   |   |   |   |   |
I, [2019-10-23T16:33:11.113640 #884]  INFO -- :    |   |  9|146|255|   | 70| 78| 54| 33|   | 55|   |   |   |   |   |   |   |   |   |   |   |   |   |   |   |   |   |   |   |   |   |   |   |   |
I, [2019-10-23T16:33:12.008461 #884]  INFO -- :    |   |   |  6|107|227| 69| 87| 53| 33|   |   | 50|   |   |   |   |   |   |   |   |   |   |   |   |   |   |   |   |   |   |   |   |   |   |   |
I, [2019-10-23T16:33:12.912104 #884]  INFO -- :    |   |   |   |  7|216|255| 70| 45| 48| 34|   | 51|   |   | 29|   |   |   |   |   |   |   |   |   |   |   |   |   |   |   |   |   |   |   |   |
I, [2019-10-23T16:33:13.808772 #884]  INFO -- :    |   |   |   |   | 10|201|255| 57| 26| 54| 33|   | 49|   |   |   |   |   | 13|   |   |   |   |   |   |   |   |   |   |   |   |   |   |   |   |
I, [2019-10-23T16:33:14.704142 #884]  INFO -- :    |   |   |   |   |   |   |  2|255| 71| 60| 15| 56| 33|   | 50|   |   |   |   |   |   |   |   | 24|   |   |   |   |   |   |   |   |   |   |   |
I, [2019-10-23T16:33:15.599570 #884]  INFO -- :    |   |   |   |   |   |   |   |160|255| 70| 61| 17| 55| 33|   | 51|   |   |   |   |   |   |   |   |   |   |   |   |   |   |   |   |   |   |   |
I, [2019-10-23T16:33:16.499545 #884]  INFO -- :    |   |   |   |   |   |   |   |  7|159|255| 70| 58| 16| 56| 32|   | 51|   |   |   |   |   |   |   |   |   |   |   |   |   |   |   |   |   |   |
I, [2019-10-23T16:33:17.401816 #884]  INFO -- :    |   |   |   |   |   |   |   |   |  8|158|255| 70| 58| 17| 56| 32|   | 49|   |   |   |   |   |   |   |   |   |   |   |   |   |   |   |   |   |
I, [2019-10-23T16:33:18.298364 #884]  INFO -- :    |   | 18|   |   |   |   |   |   |   |  5|156|255| 69| 58| 15| 55| 32|   | 47|   |   |   |   |   |   |   |   |   |   |   |   |   |   |   |   |
I, [2019-10-23T16:33:19.196227 #884]  INFO -- :    |   |   |   |   |   |   |   |   |   |   |  9|152|255| 69| 58| 16| 55| 32|   | 49|   |   |   |   |   |   |   |   |   |   |   |   |   |   |   |
I, [2019-10-23T16:33:20.092368 #884]  INFO -- :    |   |   |   |   |   |   |   |   |   |   |  4|  7|152|255| 71| 56| 16| 55| 32|   | 46|   |   |   |   |   |   |   |   |   |   |   |   |   |   |
I, [2019-10-23T16:33:21.006749 #884]  INFO -- :    |   |   |   |   |   |   |   |   |   |   |   |  8|152|255| 70| 69| 55| 15| 56| 32|   | 45|   |   |   |   |   |   |   |   |   |   |   |   |   |
I, [2019-10-23T16:33:21.904293 #884]  INFO -- :    |   |   |   |   |   |   |   |   |   |   |   |   |  6|152|255| 70| 54| 16| 57|  7| 32|   | 45|   |   |   |   |   |   |   |   |   |   |   |   |
I, [2019-10-23T16:33:22.799550 #884]  INFO -- :    |   |   |   |   |   |   |   |   |   |   |   |   |   | 12|152|255| 68| 54| 17| 55| 32|   | 44|   |   |   |   |   |   |   |   |   |   |   |   |
I, [2019-10-23T16:33:23.695313 #884]  INFO -- :    |   |   |   |   |   |   |   |   |   |   |   |   |   |   |  6|155|255| 70| 55| 14| 55| 33|   | 45|   |   |   |   |  2|   |   |   |   |   |   |
I, [2019-10-23T16:33:24.602070 #884]  INFO -- :    |   |   |   |   |   |   |   |   |   |   |   |   |   |   |   |  6|156|255| 69| 54| 15| 55| 32|   | 45|   |   |   |   |   |   |   |   | 16|   |
I, [2019-10-23T16:33:25.514139 #884]  INFO -- :    |   |   |   |   |   |   |   |   |   |   |   |   |   |   |   |   | 10|156|255| 70| 55| 17| 57| 33|   | 45|   |   |   |   |   |   |   |   |   |
I, [2019-10-23T16:33:26.412864 #884]  INFO -- :    |   |   |   |   |   |   |   |   |   |   |   |   |   |   |   |   |   |  6|156|255| 70| 56| 15| 55| 32|   | 46|   |   |   |   |   |   |   |   |
I, [2019-10-23T16:33:27.309406 #884]  INFO -- :    |   |   |   |   |   |  5|   |   |   |   |   |   |   |   |   |   |   |   |  5|157|255| 69| 58| 16| 56| 32|   | 45|   |   |   |   |   |   |   |
I, [2019-10-23T16:33:28.208269 #884]  INFO -- :    |   |   |   |   |   |   |   |   |   |   |  7|   |   |   |   |   |   |   |   |  8|158|255| 70| 60| 17| 56| 32|   | 47|   |   |   |   |   |   |
I, [2019-10-23T16:33:29.107848 #884]  INFO -- :    |   |   |   |   |   |   |   |   |   |   |   |   |   |   |   |  8|   |   |   |   |  4|159|255| 69| 63| 18| 56| 33|   | 48|   |   |   |   |   |
I, [2019-10-23T16:33:29.109211 #884]  INFO -- :  24| 25| 26| 27| 28| 29| 30| 31| 33| 34| 35| 36| 37| 38| 39| 40| 41| 42| 43| 44| 45| 46| 47| 48| 49| 50| 51| 52| 53| 54| 55| 56| 57| 58| 59| 60|
I, [2019-10-23T16:33:29.109836 #884]  INFO -- : ------------------------------------------------------------------------------------------------------------------------------------------------
I, [2019-10-23T16:33:30.022579 #884]  INFO -- :    |   |   |   |   |   |   |   |   |   |   |   |   |   |   |   |   |   |   |   | 10|   |  8|157|255| 70| 64| 21| 56| 32|   | 49|   |   |   |   |
I, [2019-10-23T16:33:30.924438 #884]  INFO -- :    |   |   |   |   |   |   |   |   |   |   |   |   |   |   |   |   |   |   |   |   |   |  9|156|255|255| 70| 66| 21| 55| 33|   | 50|   |   |   |
I, [2019-10-23T16:33:31.820480 #884]  INFO -- :    |   |   |   |   |   |   |   |   |   |   |   |  3|   |   |   |   |   |   |   |   |   |   |  4|156|255| 70| 65| 20|  8| 55| 33|   | 52|   |   |
I, [2019-10-23T16:33:32.717172 #884]  INFO -- :    |   |   |   |   |   |   |   |   |   |   |   |   |   |   |   |   |   |   |   |   |   |   |   | 13|156|255| 70| 66| 22| 56| 32|   | 50|  1|   |
I, [2019-10-23T16:33:33.622569 #884]  INFO -- :    |   |   |   |   |   |   |   |   |   |   |   |   |   |   |   |   |   |   |   |   |   |   |   |   | 11|152|255| 69| 77| 29| 53| 32|   | 51|   |
I, [2019-10-23T16:33:34.531402 #884]  INFO -- :    |   |  5|   |   |   |   |   |   |   |   |   |   |   |   |   |   |   |   |   |   |   |   |   |   |   |  9|153|255| 71| 70| 25| 54| 32|   | 53|
I, [2019-10-23T16:33:35.373989 #884]  INFO -- :    |   |   |   |   |   |   |  9|   |   |   |   |   |   |   |   |   |   |   |   |   |   |   |   |   |   |   |  9|146|255| 70| 78| 28| 55| 32|   |
I, [2019-10-23T16:33:36.277725 #884]  INFO -- :    |   |   |   |  1|   |   |   |  1|   |   |   |   |   |   |   |   |   |   |   |   |   |   |   |   |   |   |   | 11|152|255| 69| 68| 21| 54| 32|
I, [2019-10-23T16:33:37.108192 #884]  INFO -- :    |   |   |   |   |   |   |   |   |   |   |   |   |   |   |   |   |   |   |   |   |   |   |   |   |   |   |   |   |  8|139|253| 68| 77| 30| 54|
I, [2019-10-23T16:33:37.935084 #884]  INFO -- :    |   |  1|   |   |   |   |   |   |   |   |   |   |   |   |   |   |   |   |   |   |   |   |   |   |   |   |   |   |   |  5|156|255| 71| 71| 26|
I, [2019-10-23T16:33:38.759906 #884]  INFO -- :    |   |   |   |   |   |   |   |   |   |   |   |   |   |   |   |   |   |   |   |   |   |   |   |   |   |   |   |   |   | 11|165|255| 69| 54| 21|
I, [2019-10-23T16:33:39.660340 #884]  INFO -- :    |   |   |   |   |   |   |   |   |   |   |   |   |   |   |   |   |   |   |   |   |   |   |   |   |   |   |   |   |  1|  3| 10|126|240| 68| 87|
I, [2019-10-23T16:33:40.566097 #884]  INFO -- :    |   |   |   | 10|   |   |   |   |   |   |   |   |   |   |   |   |   |   |   |   |   |   |   |   |   |   |   |   |   |   |   |  7|156|255| 70|
I, [2019-10-23T16:33:41.466896 #884]  INFO -- :    |   |   |   |   |   |   |   |   | 45|   |   |   |   |   |   |  1|   |   |   |   |   |   |   |   |   |   |   |   |   |   |   |   |  6|136|251|
I, [2019-10-23T16:33:42.369632 #884]  INFO -- :    |   |   |   |   |   |   |   |   |   |   |   |   |   |   |   |   |   |   |   |   |   |   |   |   |   |   |   |   |   |   |224|   |   |   |   |
I, [2019-10-23T16:33:43.270082 #884]  INFO -- : 255| 69| 71| 25| 55| 32|   | 50|   |   |   |   |   |   |   |   |   |   |  4|   |   |   |   |   |   |   |   |   |   |   |   |   |   |   |  7| 12|
I, [2019-10-23T16:33:44.169353 #884]  INFO -- : 123|243| 70| 87| 42| 52| 37|   |  2|   |   |   |   |   |   |   |   |   |   |   |   |  3|  7|   |  3|   |  1|   |  8|   |  8|155|   |  3|   |  6|
I, [2019-10-23T16:33:45.070759 #884]  INFO -- :  12|125|243| 70| 87| 35| 55| 32| 54|   |   |   |   |   |   |   |   |   |   |   |   |   |   |   |   |   |   | 18|   |   |   |   |   |   |   |   |
I, [2019-10-23T16:33:45.971580 #884]  INFO -- :    |  8|156|255| 70| 68| 22| 55|   | 51|   |   |   |   |   |   |   |   |   |   |   |   |   |   |   |   |   |   |   |   |   |   | 39|   |   |   |
I, [2019-10-23T16:33:46.871741 #884]  INFO -- :    |   | 13|156|255| 69| 69| 28| 33|   | 52|   |   |   |   |   |   |   |   |   |   |   |   |   |   |   |   |   |  1|   |   |   |   |   |   |   |
I, [2019-10-23T16:33:47.779943 #884]  INFO -- :    |   |   | 13|148|255| 69| 76| 55| 34|   | 55|   |   |   |  1|   |   |   |   |   |   |   |   |   |   |   |   |   |   |   |   |   |   |   |   |
I, [2019-10-23T16:33:48.689966 #884]  INFO -- :    |   |   |  6|159|159|255| 69| 20| 55| 33|   | 50|   |   |   |   |   |   |   |   |   |   |   |   |   |   |   |   |   |   |   |   |   |   |   |
I, [2019-10-23T16:33:49.598567 #884]  INFO -- :    |   |   |   | 10|157|255| 69| 24| 47| 55| 32|   | 48|   |   |   |   |   |   |   |   |   |   |   |   |   |   |   |   |   |   |   |   |   |   |
I, [2019-10-23T16:33:50.500018 #884]  INFO -- :    |   |   |   |   | 10|185|255| 55| 17| 55| 32|   | 48|   | 48|   |   |   |   |   |   |   |   |   |   |   |   |   |   |   |   |   |   |   |   |
I, [2019-10-23T16:33:51.404144 #884]  INFO -- :    |   |   |   |   |   |   |  1|255| 71| 60| 17| 55| 33|   | 50|   |   | 22|   |   |   |   |   |   |   |   |   |   |   |   |   |   |   |   |   |
I, [2019-10-23T16:33:52.302273 #884]  INFO -- :    |   |   |   |   |   |   |   |185|255| 70| 55| 16| 55| 32|   | 49|   |   |   |   |   |   |   |   |   |   |   |   |   |   |   |   |   |   |   |
I, [2019-10-23T16:33:53.174266 #884]  INFO -- :    |   |   |   |   |   |   |   | 10|193|255| 70| 53| 15| 56| 33|   | 46|   |   |   |   |   |   |   |   |   |   | 49|   |   |   |   |   |   |   |
I, [2019-10-23T16:33:54.087702 #884]  INFO -- :    |   |   |   |   |   |   |   |   |  7|188|255| 70| 53| 19| 55| 33|   | 48|   |   |   |   |   |   |   |   |   |   |   |   |   |   |   |   |   |
I, [2019-10-23T16:33:54.988605 #884]  INFO -- :    |   |   |   |   |   |   |   |   |   |  6|188|255| 69| 53| 19| 54| 34|   | 48|   |   |   |   |   |   |   |   |   |   |   |   |   |   |   |   |
I, [2019-10-23T16:33:55.888902 #884]  INFO -- :    | 32|   |   |   |   |   |   |   |   |   |  3|191|255| 69| 52| 21| 55| 33|   | 48|   |   |   |   |   |   |   |   |   |   |   |   |   |   |   |
I, [2019-10-23T16:33:56.789598 #884]  INFO -- :    |   |   |   |   |   |   |   |   |   |   |   |  5|191|255| 69| 52| 15| 56| 32|   | 48|   |   |   |   |   |   |   |   |   |   |   |   |   |   |
I, [2019-10-23T16:33:57.635584 #884]  INFO -- :    |   |   |   |   |   |   |   |   |   |   | 30|   |  5|191|255| 69| 50| 16| 56| 33|   | 48|   |   |   |   |   |   |   |   |   |   |   |   |   |
I, [2019-10-23T16:33:58.477458 #884]  INFO -- :    |   |   |   |   |   |   |   |   |   |   |   |   |  2|191|255| 69| 51| 36| 15| 55| 33|   | 49|   |   |   |   |   |   |   |   |   |   |   |   |
I, [2019-10-23T16:33:59.308641 #884]  INFO -- :    |   |   |   |   |   |   |   |   |   |   |   |   |   |  4|191|255| 69| 50| 17| 55| 32|   | 48|   |   | 32|   |   |   |   |   |   |   |   |   |
I, [2019-10-23T16:34:00.145181 #884]  INFO -- :    |   |   |   |   |   |   |   |   |   |   |   |   |   |   |  6|191|255| 70| 49| 15| 55| 33|   | 48|   |   |   |   |   |   |   |   |   | 41|   |
I, [2019-10-23T16:34:00.977561 #884]  INFO -- :    |   |   |   |   |   |   |   |   |   |   |   |   |   |   |   |  7|191|255| 70| 50| 17| 55| 34|   | 48|   |   |   |   |   |   |   |   |   |   |
I, [2019-10-23T16:34:01.821109 #884]  INFO -- :    |   |   |   |   | 50|   |   |   |   |   |   |   |   |   |   |   |  4|191|255| 69| 48| 16| 56| 33|   | 48|   |   |   |   |   |   |   |   |   |
I, [2019-10-23T16:34:02.651562 #884]  INFO -- :    |   |   |   |   |   |   |   |   |   |   |   |   | 47|   |   |   |   |  8|191|255| 70| 49| 17| 54| 34|   | 49|   |   |   |   |   |   |   |   |
I, [2019-10-23T16:34:03.480104 #884]  INFO -- :    |   |   |   |   |   |   |   |   |   |   |   |   |   |   |   |   |   |  4|191|255| 40| 71| 47| 12| 56| 33|   | 48|   |   |   |   |   |   |   |
I, [2019-10-23T16:34:04.310648 #884]  INFO -- :    |   |   |   |   |   |   |   |   |   |   |   |   |   |   |   |   |   |   |  7|191|255| 71| 48| 15| 55| 33|   | 49|   |   |   |   |   |   |   |
I, [2019-10-23T16:34:05.138494 #884]  INFO -- :    |   |   |   |   |   |   |   |   |   |   |   |   |   |   |   |   |   |   |   |  8|191|255| 70| 47| 10| 56| 33|   | 47|   |   |   |   |   |   |
I, [2019-10-23T16:34:05.967764 #884]  INFO -- :    |   |   |   |   |   |   |   |   |   |   |   |   |   |   |   |   |   |   |   |   |  7|191|255| 69| 47| 11| 56| 33|   | 48|   |   |   |   |   |
I, [2019-10-23T16:34:06.794955 #884]  INFO -- :    |   |   |   |   |   |   |   |   |   |   |   |   |   |   |   |   |   |   |   |   |   |  5|191|255| 70| 48| 13| 56| 34|   | 47|   |   |   |   |
I, [2019-10-23T16:34:07.625881 #884]  INFO -- :    |   |   |   |   |   |   |   |   |   |   |   |   |   |   |   |   |   | 15|   |   |   |   | 10|188|255| 69| 47| 15| 55| 34|   | 46|   |   |   |
I, [2019-10-23T16:34:08.453903 #884]  INFO -- :    |   |   |   |   |   |   |   |   |   |   |   |   |   |   |   |   |   |   |   |   |   |   |  6|189|255| 35| 70| 48| 11| 55| 34|   | 46|   |   |
I, [2019-10-23T16:34:09.283217 #884]  INFO -- :    |   |   |   |   |   |   |   |   |   |   |   |   |   |   |   |   |   |   |   |   |   |   |   |  5|188|255| 70| 48| 11| 55| 33|   | 46|   |   |
I, [2019-10-23T16:34:10.112640 #884]  INFO -- :    |   |   |   |   |   |   |   |   |   |   |   |   |   |   |   |   |   |   |   |   |   |   | 33|   | 11|188|255| 69| 47| 14| 55| 32|   | 46|   |
I, [2019-10-23T16:34:11.013485 #884]  INFO -- :    |   |   |   |   |   | 54|   |   |   |   |   |   |   |   |   |   |   |   |   |   |   |   |   |   |   | 10|191|255| 71| 49| 15| 55| 33|   | 47|
I, [2019-10-23T16:34:11.919391 #884]  INFO -- :    |   |   |   |   |   |   |   |   |   |   |   |   |   |   |   |   |   |   |   |   |   |   |   |   |   |   |  6|190|255| 70| 48| 13| 56| 34|   |
I, [2019-10-23T16:34:12.822149 #884]  INFO -- :    |   |   |   |   |   |   |   |   |   |   |   |   |   |   | 60|   |   |   |   |   |   |   |   |   |   |   |   | 10|191|255| 68| 50| 15| 56| 33|
I, [2019-10-23T16:34:13.725322 #884]  INFO -- :    |   |   |   |   |   |   |   |   |   |   |   |   |   |   |   |   |   |   |   |   |   |   |   |   |   |   |   |   |  5|191|255| 69| 49| 14| 55|
I, [2019-10-23T16:34:13.726371 #884]  INFO -- :  24| 25| 26| 27| 28| 29| 30| 31| 33| 34| 35| 36| 37| 38| 39| 40| 41| 42| 43| 44| 45| 46| 47| 48| 49| 50| 51| 52| 53| 54| 55| 56| 57| 58| 59| 60|
I, [2019-10-23T16:34:13.726761 #884]  INFO -- : ------------------------------------------------------------------------------------------------------------------------------------------------
I, [2019-10-23T16:34:14.628832 #884]  INFO -- :    |   |   |   |   |   |   |   |   |   |   |   |   |   |   |   |   |   |   |   |   |   |   |   | 18|   |   |   |   |   |  7|188|255| 70| 48| 14|
I, [2019-10-23T16:34:15.478376 #884]  INFO -- :    |   |   |   |   |   |   |   |   |   |   |   |   |   |   |   |   |   |   |   |   |   |   |   |   |   |   |   |   |   | 11|  7|189|255| 70| 51|
I, [2019-10-23T16:34:16.315661 #884]  INFO -- :    |   |   |   |   |   |   |   |   |   |   |   |   |   |   |   |   |   |   |   |   |   |   |   |   |   |   |   |   |   |   |  8|191|255| 70| 50|
I, [2019-10-23T16:34:17.219184 #884]  INFO -- :    |   |   |   |   |   |   |   |   |   |   |   |   |   |   |   |   |   |   |   |   |   |   |   |   |   |   |   |   |   |   |   |  5|189|255| 69|
I, [2019-10-23T16:34:18.118179 #884]  INFO -- :    |   |   |   |   |   | 30|   |   |   |   |   |   |   |   |   |   |   |   |   |   |   |   |   |   |   |   |   |   |   |   |   |   |  4|190|255|
I, [2019-10-23T16:34:19.017715 #884]  INFO -- :    |   |   |   |   |   |   |   |   |   |   | 57|   |   |   |   |   |   |   |   |   |   |   |   |   |   |   |   |   |   |   |   |   |   |   |   |
I, [2019-10-23T16:34:19.923550 #884]  INFO -- : 255| 70| 56| 18| 55| 33|   | 47|   |   |   |   |   |   |   |   |   |   |   |   |   |   |   |   |   |   |   |   |   |   |   |   |   |   |   |   |
I, [2019-10-23T16:34:20.762830 #884]  INFO -- : 188|255| 70| 56| 15| 55| 34|   |   |   |   |   |   |   |   |   |   |   |   |   |   |   | 31|   |   |   |   |   |   |   |   |   |   |   |   |   |
I, [2019-10-23T16:34:21.598423 #884]  INFO -- :   9|185|255| 69| 55| 16| 55| 33| 49|   |   |   |   |   |   |   |   |   |   |   |   |   |   |   |   |   |   |   |   |   |   |   |   |   |   |   |
I, [2019-10-23T16:34:22.506137 #884]  INFO -- :    | 10|185|255| 69| 55| 15| 55|   | 47|   |   |   |   |   |   |   |   |   |   |   |   |   |   |   |   |   |   |   |   |   |   |   |   |   |   |
I, [2019-10-23T16:34:23.396468 #884]  INFO -- :    |   |  9|165|255| 69| 56| 21| 33|   | 47|   |   |   |   |   |   |   |   |   |   |   |   |   |   |   |   |   |   |   |   |   |   |   |   |   |
I, [2019-10-23T16:34:24.234871 #884]  INFO -- :    |   | 10|165| 39|255| 69| 56| 56| 33|   | 48|   |   |   |   |   |   |   |   |   |   |   |   |   |   |   |   |   |   |   |   |   |   |   |   |
I, [2019-10-23T16:34:25.140546 #884]  INFO -- :    |   |   | 11|165|255| 69| 57| 56| 33| 27|   | 49|   |   |   |   |   |   |   |   |   |   |   |   |   |   |   |   |   |   |   |   |   |   |   |
I, [2019-10-23T16:34:26.060661 #884]  INFO -- :    |   |   |   |  9|165|255| 70| 17| 56| 34|   | 49|   | 31|   |   |   |   |   |   |   |   |   |   |   |   |   |   |   |   |   |   |   |   |   |
I, [2019-10-23T16:34:26.960903 #884]  INFO -- :    |   |   |   |   | 10|165|255| 56| 17| 56| 33|   | 49|   |   |   |   |   | 21|   |   |   |   |   |   |   |   |   |   |   |   |   |   |   |   |
I, [2019-10-23T16:34:27.858828 #884]  INFO -- :    |   |   |   |   |   |   |  4|255| 70| 58| 16| 55| 33|   | 48|   |   |   |   |   |   |   |   |   |   |   |   |   |   |   |   |   |   |   |   |
I, [2019-10-23T16:34:28.761034 #884]  INFO -- :    |   |   |   |   |   |   |   |186|255| 69| 55| 19| 55| 33|   | 48|   |   |   |   |   |   |   |   |   |   |   | 25|   |   |   |   |   |   |   |
I, [2019-10-23T16:34:29.658994 #884]  INFO -- :    |   |   |   |   |   |   |   |  8|165|255| 69| 54| 17| 55| 33|   | 49|   |   |   |   |   |   |   |   |   |   |   |   |   |   |   |  1|   |   |
I, [2019-10-23T16:34:30.558144 #884]  INFO -- :    |   |   |   |   |   |   |   |   | 11|185|255| 70| 54| 15| 55| 34|   | 48|   |   |   |   |   |   |   |   |   |   |   |   |   |   |   |   |   |
I, [2019-10-23T16:34:31.460634 #884]  INFO -- :    |   |   |   |   |   |   |   |   |   |  5|187|255| 69| 54| 16| 55| 33|   | 48|   |   |   |   |   |   |   |   |   |   |   |   |   |   |   |   |
I, [2019-10-23T16:34:32.360801 #884]  INFO -- :    |   |   |   |   |   |  5|   |   |   |   |  5|188|255| 70| 53| 15| 55| 33|   | 48|   |   |   |   |   |   |   |   |   |   |   |   |   |   |   |
I, [2019-10-23T16:34:33.280327 #884]  INFO -- :    |   |   |   |   |   |   |   |   |   |  2|   |  5|190|255| 70| 52| 15| 55| 33|   | 48|   |   |   |   |   |   |   |   |   |   |   |   |   |   |
I, [2019-10-23T16:34:34.181026 #884]  INFO -- :    |   |   |   |   |   |   |   |   |   |   |   |  4|190|255|255| 70| 52| 15| 55| 33|   | 47|   |   |   |   |   |   |   |   |   |   |   |   |   |
I, [2019-10-23T16:34:35.079528 #884]  INFO -- :    |   |   |   |   |   |   |   |   |   |   |   |   |  3|191|255| 69| 52| 15| 25| 55| 32|   | 49|   |   |   |   |   |   |   |   |   |   |   |   |
I, [2019-10-23T16:34:35.979119 #884]  INFO -- :    |   |   |   |   |   |   |   |   |   |   |   |   |   | 10|190|255| 69| 51| 15| 54| 33|   | 48| 52|   |   |   |   |   |   |   |   |   |   |   |
I, [2019-10-23T16:34:36.820481 #884]  INFO -- :    |   |   |   |   |   |   |   |   |   |   |   |   |   |   |  8|188|255| 71| 49| 16| 55| 33|   | 48|   |   |   |   |   |   | 25|   |   |   |   |
I, [2019-10-23T16:34:37.660029 #884]  INFO -- :    |   |   |   |   |   |   |   |   |   |   |   |   |   |   |   |  5|188|255| 70| 49| 17| 56| 33|   | 47|   |   |   |   |   |   |   |   |   |   |
I, [2019-10-23T16:34:38.557009 #884]  INFO -- :    |   | 34|   |   |   |   |   |   |   |   |   |   |   |   |   |   |  7|186|255| 69| 48| 13| 55| 34|   | 48|   |   |   |   |   |   |   |   |   |
I, [2019-10-23T16:34:39.407411 #884]  INFO -- :    |   |   |   |   |   |   | 51|   |   |   |   |   |   |   |   |   |   |  6|186|255| 70| 48| 11| 55| 34|   | 48|   |   |   |   |   |   |   |   |
